<?xml version="1.0" encoding="UTF-8"?>
<testsuite name="gov.nasa.jpl.mbee.mdk.MDKPluginTest" tests="1" skipped="0" failures="1" errors="0"
           timestamp="2017-05-16T00:07:43" hostname="LMC-055004" time="0.004">
    <properties/>
    <testcase name="init" classname="gov.nasa.jpl.mbee.mdk.MDKPluginTest" time="0.004">
        <failure message="java.lang.AssertionError" type="java.lang.AssertionError">java.lang.AssertionError
            at org.junit.Assert.fail(Assert.java:86)
            at org.junit.Assert.assertTrue(Assert.java:41)
            at org.junit.Assert.assertTrue(Assert.java:52)
            at gov.nasa.jpl.mbee.mdk.MDKPluginTest.init(MDKPluginTest.java:23)
            at sun.reflect.NativeMethodAccessorImpl.invoke0(Native Method)
            at sun.reflect.NativeMethodAccessorImpl.invoke(NativeMethodAccessorImpl.java:62)
            at sun.reflect.DelegatingMethodAccessorImpl.invoke(DelegatingMethodAccessorImpl.java:43)
            at java.lang.reflect.Method.invoke(Method.java:498)
            at org.junit.runners.model.FrameworkMethod$1.runReflectiveCall(FrameworkMethod.java:47)
            at org.junit.internal.runners.model.ReflectiveCallable.run(ReflectiveCallable.java:12)
            at org.junit.runners.model.FrameworkMethod.invokeExplosively(FrameworkMethod.java:44)
            at org.junit.internal.runners.statements.InvokeMethod.evaluate(InvokeMethod.java:17)
            at org.junit.runners.ParentRunner.runLeaf(ParentRunner.java:271)
            at org.junit.runners.BlockJUnit4ClassRunner.runChild(BlockJUnit4ClassRunner.java:70)
            at org.junit.runners.BlockJUnit4ClassRunner.runChild(BlockJUnit4ClassRunner.java:50)
            at org.junit.runners.ParentRunner$3.run(ParentRunner.java:238)
            at org.junit.runners.ParentRunner$1.schedule(ParentRunner.java:63)
            at org.junit.runners.ParentRunner.runChildren(ParentRunner.java:236)
            at org.junit.runners.ParentRunner.access$000(ParentRunner.java:53)
            at org.junit.runners.ParentRunner$2.evaluate(ParentRunner.java:229)
            at org.junit.internal.runners.statements.RunBefores.evaluate(RunBefores.java:26)
            at org.junit.runners.ParentRunner.run(ParentRunner.java:309)
            at
            org.gradle.api.internal.tasks.testing.junit.JUnitTestClassExecuter.runTestClass(JUnitTestClassExecuter.java:114)
            at
            org.gradle.api.internal.tasks.testing.junit.JUnitTestClassExecuter.execute(JUnitTestClassExecuter.java:57)
            at
            org.gradle.api.internal.tasks.testing.junit.JUnitTestClassProcessor.processTestClass(JUnitTestClassProcessor.java:66)
            at
            org.gradle.api.internal.tasks.testing.SuiteTestClassProcessor.processTestClass(SuiteTestClassProcessor.java:51)
            at sun.reflect.NativeMethodAccessorImpl.invoke0(Native Method)
            at sun.reflect.NativeMethodAccessorImpl.invoke(NativeMethodAccessorImpl.java:62)
            at sun.reflect.DelegatingMethodAccessorImpl.invoke(DelegatingMethodAccessorImpl.java:43)
            at java.lang.reflect.Method.invoke(Method.java:498)
            at org.gradle.internal.dispatch.ReflectionDispatch.dispatch(ReflectionDispatch.java:35)
            at org.gradle.internal.dispatch.ReflectionDispatch.dispatch(ReflectionDispatch.java:24)
            at org.gradle.internal.dispatch.ContextClassLoaderDispatch.dispatch(ContextClassLoaderDispatch.java:32)
            at
            org.gradle.internal.dispatch.ProxyDispatchAdapter$DispatchingInvocationHandler.invoke(ProxyDispatchAdapter.java:93)
            at com.sun.proxy.$Proxy2.processTestClass(Unknown Source)
            at org.gradle.api.internal.tasks.testing.worker.TestWorker.processTestClass(TestWorker.java:109)
            at sun.reflect.NativeMethodAccessorImpl.invoke0(Native Method)
            at sun.reflect.NativeMethodAccessorImpl.invoke(NativeMethodAccessorImpl.java:62)
            at sun.reflect.DelegatingMethodAccessorImpl.invoke(DelegatingMethodAccessorImpl.java:43)
            at java.lang.reflect.Method.invoke(Method.java:498)
            at org.gradle.internal.dispatch.ReflectionDispatch.dispatch(ReflectionDispatch.java:35)
            at org.gradle.internal.dispatch.ReflectionDispatch.dispatch(ReflectionDispatch.java:24)
            at org.gradle.internal.remote.internal.hub.MessageHub$Handler.run(MessageHub.java:377)
            at org.gradle.internal.concurrent.ExecutorPolicy$CatchAndRecordFailures.onExecute(ExecutorPolicy.java:54)
            at org.gradle.internal.concurrent.StoppableExecutorImpl$1.run(StoppableExecutorImpl.java:40)
            at java.util.concurrent.ThreadPoolExecutor.runWorker(ThreadPoolExecutor.java:1142)
            at java.util.concurrent.ThreadPoolExecutor$Worker.run(ThreadPoolExecutor.java:617)
            at java.lang.Thread.run(Thread.java:745)
        </failure>
    </testcase>
    <system-out><![CDATA[BUILD:20170426_0638-490c6324
Max Memory: 3641 MiB.
FL_EDITION=18.5
FL_FORCE_USAGE=true
FL_SERVER_ADDRESS=cae-lic04.jpl.nasa.gov
FL_SERVER_PORT=1101
LOCALCONFIG=true
WINCONFIG=true
awt.toolkit=sun.lwawt.macosx.LWCToolkit
com.nomagic.magicdraw.launcher=worker.org.gradle.process.internal.worker.GradleWorkerMain
com.nomagic.osgi.config.dir=configuration
com.sun.media.imageio.disableCodecLib=true
debug.dir=/Users/igomes/.magicdraw-test/18.5/
eclipse.application=com.nomagic.magicdraw.application
eclipse.consoleLog=true
eclipse.home.location=file:/Users/igomes/mdk/build/install/lib/bundles/
eclipse.p2.data.area=@config.dir/../p2
eclipse.p2.profile=DefaultProfile
eclipse.stateSaveDelayInterval=30000
equinox.use.ds=true
esi.system.config=data/application.conf
file.encoding=UTF-8
file.encoding.pkg=sun.io
file.separator=/
gopherProxySet=false
gosh.args=--nointeractive
install.root=/Users/igomes/mdk/build/install/
java.awt.graphicsenv=sun.awt.CGraphicsEnvironment
java.awt.printerjob=sun.lwawt.macosx.CPrinterJob
java.class.path=/Users/igomes/mdk/build/libs/mdk-3.0.0-rc5-SNAPSHOT-tests-hack.jar:file:/Users/igomes/.gradle/wrapper/dists/gradle-3.1-all/ejgglywf033yp6s4x8ahmgm74/gradle-3.1/lib/gradle-core-3.1.jar:file:/Users/igomes/.gradle/wrapper/dists/gradle-3.1-all/ejgglywf033yp6s4x8ahmgm74/gradle-3.1/lib/gradle-logging-3.1.jar:file:/Users/igomes/.gradle/wrapper/dists/gradle-3.1-all/ejgglywf033yp6s4x8ahmgm74/gradle-3.1/lib/gradle-messaging-3.1.jar:file:/Users/igomes/.gradle/wrapper/dists/gradle-3.1-all/ejgglywf033yp6s4x8ahmgm74/gradle-3.1/lib/gradle-base-services-3.1.jar:file:/Users/igomes/.gradle/wrapper/dists/gradle-3.1-all/ejgglywf033yp6s4x8ahmgm74/gradle-3.1/lib/gradle-cli-3.1.jar:file:/Users/igomes/.gradle/wrapper/dists/gradle-3.1-all/ejgglywf033yp6s4x8ahmgm74/gradle-3.1/lib/gradle-native-3.1.jar:file:/Users/igomes/.gradle/wrapper/dists/gradle-3.1-all/ejgglywf033yp6s4x8ahmgm74/gradle-3.1/lib/plugins/gradle-testing-base-3.1.jar:file:/Users/igomes/.gradle/wrapper/dists/gradle-3.1-all/ejgglywf033yp6s4x8ahmgm74/gradle-3.1/lib/plugins/gradle-testing-jvm-3.1.jar:file:/Users/igomes/.gradle/wrapper/dists/gradle-3.1-all/ejgglywf033yp6s4x8ahmgm74/gradle-3.1/lib/guava-jdk5-17.0.jar:file:/Users/igomes/.gradle/wrapper/dists/gradle-3.1-all/ejgglywf033yp6s4x8ahmgm74/gradle-3.1/lib/slf4j-api-1.7.10.jar:file:/Users/igomes/.gradle/wrapper/dists/gradle-3.1-all/ejgglywf033yp6s4x8ahmgm74/gradle-3.1/lib/jul-to-slf4j-1.7.10.jar:file:/Users/igomes/.gradle/wrapper/dists/gradle-3.1-all/ejgglywf033yp6s4x8ahmgm74/gradle-3.1/lib/native-platform-0.11.jar:file:/Users/igomes/.gradle/wrapper/dists/gradle-3.1-all/ejgglywf033yp6s4x8ahmgm74/gradle-3.1/lib/kryo-2.20.jar:file:/Users/igomes/.gradle/wrapper/dists/gradle-3.1-all/ejgglywf033yp6s4x8ahmgm74/gradle-3.1/lib/commons-lang-2.6.jar:file:/Users/igomes/.gradle/wrapper/dists/gradle-3.1-all/ejgglywf033yp6s4x8ahmgm74/gradle-3.1/lib/plugins/junit-4.12.jar:/Users/igomes/mdk/build/libs/mdk-3.0.0-rc5-SNAPSHOT-tests-hack.jar:/Users/igomes/mdk/build/generated-dist/plugins/gov.nasa.jpl.cae.magicdraw.mdk/activemq-all-5.9.1.jar:/Users/igomes/mdk/build/generated-dist/plugins/gov.nasa.jpl.cae.magicdraw.mdk/btf-1.2.jar:/Users/igomes/mdk/build/generated-dist/plugins/gov.nasa.jpl.cae.magicdraw.mdk/commons-codec-1.9.jar:/Users/igomes/mdk/build/generated-dist/plugins/gov.nasa.jpl.cae.magicdraw.mdk/commons-io-1.3.2.jar:/Users/igomes/mdk/build/generated-dist/plugins/gov.nasa.jpl.cae.magicdraw.mdk/commons-logging-1.2.jar:/Users/igomes/mdk/build/generated-dist/plugins/gov.nasa.jpl.cae.magicdraw.mdk/guava-16.0.1.jar:/Users/igomes/mdk/build/generated-dist/plugins/gov.nasa.jpl.cae.magicdraw.mdk/httpclient-4.5.2.jar:/Users/igomes/mdk/build/generated-dist/plugins/gov.nasa.jpl.cae.magicdraw.mdk/httpcore-4.4.4.jar:/Users/igomes/mdk/build/generated-dist/plugins/gov.nasa.jpl.cae.magicdraw.mdk/httpmime-4.5.2.jar:/Users/igomes/mdk/build/generated-dist/plugins/gov.nasa.jpl.cae.magicdraw.mdk/jackson-annotations-2.8.0.jar:/Users/igomes/mdk/build/generated-dist/plugins/gov.nasa.jpl.cae.magicdraw.mdk/jackson-core-2.8.3.jar:/Users/igomes/mdk/build/generated-dist/plugins/gov.nasa.jpl.cae.magicdraw.mdk/jackson-coreutils-1.6.jar:/Users/igomes/mdk/build/generated-dist/plugins/gov.nasa.jpl.cae.magicdraw.mdk/jackson-databind-2.8.3.jar:/Users/igomes/mdk/build/generated-dist/plugins/gov.nasa.jpl.cae.magicdraw.mdk/jgrapht-0.8.3.jar:/Users/igomes/mdk/build/generated-dist/plugins/gov.nasa.jpl.cae.magicdraw.mdk/json-patch-1.13.jar:/Users/igomes/mdk/build/generated-dist/plugins/gov.nasa.jpl.cae.magicdraw.mdk/json-simple-1.1.jar:/Users/igomes/mdk/build/generated-dist/plugins/gov.nasa.jpl.cae.magicdraw.mdk/jsoup-1.6.1.jar:/Users/igomes/mdk/build/generated-dist/plugins/gov.nasa.jpl.cae.magicdraw.mdk/jsr305-2.0.1.jar:/Users/igomes/mdk/build/generated-dist/plugins/gov.nasa.jpl.cae.magicdraw.mdk/log4j-1.2.17.jar:/Users/igomes/mdk/build/generated-dist/plugins/gov.nasa.jpl.cae.magicdraw.mdk/lpg.runtime.java_2.0.17.v201004271640.jar:/Users/igomes/mdk/build/generated-dist/plugins/gov.nasa.jpl.cae.magicdraw.mdk/mdk-3.0.0-rc5-SNAPSHOT.jar:/Users/igomes/mdk/build/generated-dist/plugins/gov.nasa.jpl.cae.magicdraw.mdk/msg-simple-1.1.jar:/Users/igomes/mdk/build/generated-dist/plugins/gov.nasa.jpl.cae.magicdraw.mdk/opencsv-2.3.jar:/Users/igomes/mdk/build/generated-dist/plugins/gov.nasa.jpl.cae.magicdraw.mdk/org.eclipse.ocl.common.ui_1.3.100.v20160613-1351.jar:/Users/igomes/mdk/build/generated-dist/plugins/gov.nasa.jpl.cae.magicdraw.mdk/org.eclipse.ocl.common_1.4.100.v20160613-1351.jar:/Users/igomes/mdk/build/generated-dist/plugins/gov.nasa.jpl.cae.magicdraw.mdk/org.eclipse.ocl.ecore_3.6.100.v20160613-1351.jar:/Users/igomes/mdk/build/generated-dist/plugins/gov.nasa.jpl.cae.magicdraw.mdk/org.eclipse.ocl_3.6.100.v20160613-1351.jar:/Users/igomes/mdk/build/generated-dist/plugins/gov.nasa.jpl.cae.magicdraw.mdk/slf4j-api-1.7.2.jar:/Users/igomes/mdk/build/generated-dist/plugins/gov.nasa.jpl.cae.magicdraw.mdk/slf4j-log4j12-1.7.2.jar:/Users/igomes/mdk/build/generated-dist/plugins/gov.nasa.jpl.cae.magicdraw.mdk/swingx-all-1.6.4.jar:/Users/igomes/mdk/build/install/lib/patch.jar:/Users/igomes/mdk/build/install/lib/md.jar:/Users/igomes/mdk/build/install/lib/md_api.jar:/Users/igomes/mdk/build/install/lib/md_common.jar:/Users/igomes/mdk/build/install/lib/md_common_api.jar:/Users/igomes/mdk/build/install/lib/md_common_test.jar:/Users/igomes/mdk/build/install/lib/tw_common.jar:/Users/igomes/mdk/build/install/lib/tw_common_api.jar:/Users/igomes/mdk/build/install/lib/launcher.jar:/Users/igomes/mdk/build/install/lib/activation.jar:/Users/igomes/mdk/build/install/lib/annotation.jar:/Users/igomes/mdk/build/install/lib/batik.jar:/Users/igomes/mdk/build/install/lib/bundles/ch.qos.logback.classic_1.0.13.jar:/Users/igomes/mdk/build/install/lib/bundles/ch.qos.logback.core_1.0.13.jar:/Users/igomes/mdk/build/install/lib/bundles/cmof_1.4.0.201704261213/cmof14.jar:/Users/igomes/mdk/build/install/lib/bundles/cmof_1.4.0.201704261213/tas.jar:/Users/igomes/mdk/build/install/lib/bundles/com.esotericsoftware.kryo_2.22.0.201401231130.jar:/Users/igomes/mdk/build/install/lib/bundles/com.google.gson_2.7.0.jar:/Users/igomes/mdk/build/install/lib/bundles/com.google.guava_18.0.0.jar:/Users/igomes/mdk/build/install/lib/bundles/com.nomagic.annotations_1.0.0/com.nomagic.annotation-1.0.jar:/Users/igomes/mdk/build/install/lib/bundles/com.nomagic.ci.binary_17.0.5.v20170426-1207.jar:/Users/igomes/mdk/build/install/lib/bundles/com.nomagic.ci.metamodel.project_17.0.5.v20170426-1207.jar:/Users/igomes/mdk/build/install/lib/bundles/com.nomagic.ci.persistence.local_17.0.5.v20170426-1207.jar:/Users/igomes/mdk/build/install/lib/bundles/com.nomagic.ci.persistence_17.0.5.v20170426-1207.jar:/Users/igomes/mdk/build/install/lib/bundles/com.nomagic.ci.services_17.0.5.v20170426-1207.jar:/Users/igomes/mdk/build/install/lib/bundles/com.nomagic.ci_17.0.5.v20170426-1207.jar:/Users/igomes/mdk/build/install/lib/bundles/com.nomagic.magicdraw.ce_18.1.0.201704261213.jar:/Users/igomes/mdk/build/install/lib/bundles/com.nomagic.magicdraw.core.diagram_18.1.0.201704261213.jar:/Users/igomes/mdk/build/install/lib/bundles/com.nomagic.magicdraw.core.project.options_18.1.0.201704261213.jar:/Users/igomes/mdk/build/install/lib/bundles/com.nomagic.magicdraw.core_1.0.0.201704261213.jar:/Users/igomes/mdk/build/install/lib/bundles/com.nomagic.magicdraw.esi.binary.metamodel_18.1.0.201704261213.jar:/Users/igomes/mdk/build/install/lib/bundles/com.nomagic.magicdraw.esi.esiproject_18.1.0.201704261213.jar:/Users/igomes/mdk/build/install/lib/bundles/com.nomagic.magicdraw.esi.uuidmap_18.1.0.201704261213.jar:/Users/igomes/mdk/build/install/lib/bundles/com.nomagic.magicdraw.foundation_2.0.0.201704261213.jar:/Users/igomes/mdk/build/install/lib/bundles/com.nomagic.magicdraw.osgi.fragment_1.0.0.201704261213.jar:/Users/igomes/mdk/build/install/lib/bundles/com.nomagic.magicdraw.security_18.3.0.201704261213.jar:/Users/igomes/mdk/build/install/lib/bundles/com.nomagic.magicdraw.uml2_2.5.0.201704261213.jar:/Users/igomes/mdk/build/install/lib/bundles/com.nomagic.magicdraw_17.0.5.201704261213.jar:/Users/igomes/mdk/build/install/lib/bundles/com.teamdev.jxbrowser.chromium.internal.linux32_6.13.0.jar:/Users/igomes/mdk/build/install/lib/bundles/com.teamdev.jxbrowser.chromium.internal.linux64_6.13.0.jar:/Users/igomes/mdk/build/install/lib/bundles/com.teamdev.jxbrowser.chromium.internal.mac_6.13.0.jar:/Users/igomes/mdk/build/install/lib/bundles/com.teamdev.jxbrowser.chromium.internal.win32_6.13.0.jar:/Users/igomes/mdk/build/install/lib/bundles/com.teamdev.jxbrowser.chromium_6.13.0.jar:/Users/igomes/mdk/build/install/lib/bundles/com.typesafe.config_1.3.0.jar:/Users/igomes/mdk/build/install/lib/bundles/de.schlichtherle.truezip_7.4.3.v20170426-1207/lib/truezip-driver-zip-7.4.3.jar:/Users/igomes/mdk/build/install/lib/bundles/de.schlichtherle.truezip_7.4.3.v20170426-1207/lib/truezip-kernel-7.4.3.jar:/Users/igomes/mdk/build/install/lib/bundles/gnu.trove_3.0.3/lib/trove-3.0.3.jar:/Users/igomes/mdk/build/install/lib/bundles/io.dropwizard.metrics.core_3.1.2.jar:/Users/igomes/mdk/build/install/lib/bundles/io.netty.buffer_4.0.37.Final.jar:/Users/igomes/mdk/build/install/lib/bundles/io.netty.codec_4.0.37.Final.jar:/Users/igomes/mdk/build/install/lib/bundles/io.netty.common_4.0.37.Final.jar:/Users/igomes/mdk/build/install/lib/bundles/io.netty.handler_4.0.37.Final.jar:/Users/igomes/mdk/build/install/lib/bundles/io.netty.transport_4.0.37.Final.jar:/Users/igomes/mdk/build/install/lib/bundles/javax.jmi_1.0.0.201704261213/javax_jmi-1_0-fr.jar:/Users/igomes/mdk/build/install/lib/bundles/joda-time_2.9.1.jar:/Users/igomes/mdk/build/install/lib/bundles/lz4-java_1.3.0.jar:/Users/igomes/mdk/build/install/lib/bundles/org.apache.commons.codec_1.6.0.v201305230611.jar:/Users/igomes/mdk/build/install/lib/bundles/org.apache.commons.collections_3.2.1.jar:/Users/igomes/mdk/build/install/lib/bundles/org.apache.commons.compress_1.3.0.jar:/Users/igomes/mdk/build/install/lib/bundles/org.apache.commons.io_2.4.0.jar:/Users/igomes/mdk/build/install/lib/bundles/org.apache.commons.lang_2.6.0.v201404270220.jar:/Users/igomes/mdk/build/install/lib/bundles/org.apache.directory.api_1.0.0.jar:/Users/igomes/mdk/build/install/lib/bundles/org.apache.log4j_1.2.15.v201005080500.jar:/Users/igomes/mdk/build/install/lib/bundles/org.apache.servicemix.bundles.jsr305_2.0.1.1.jar:/Users/igomes/mdk/build/install/lib/bundles/org.eclipse.core.contenttype_3.4.200.v20140207-1251.jar:/Users/igomes/mdk/build/install/lib/bundles/org.eclipse.core.jobs_3.6.0.v20140424-0053.jar:/Users/igomes/mdk/build/install/lib/bundles/org.eclipse.core.runtime_3.10.0.v20140318-2214.jar:/Users/igomes/mdk/build/install/lib/bundles/org.eclipse.emf.common_2.10.1.v20140901-1043.jar:/Users/igomes/mdk/build/install/lib/bundles/org.eclipse.emf.ecore.change_2.10.0.v20140901-1043.jar:/Users/igomes/mdk/build/install/lib/bundles/org.eclipse.emf.ecore.xmi_2.10.1.v20140901-1043.jar:/Users/igomes/mdk/build/install/lib/bundles/org.eclipse.emf.ecore_2.10.1.v20140901-1043.jar:/Users/igomes/mdk/build/install/lib/bundles/org.eclipse.emf.edit_2.10.1.v20140901-1055.jar:/Users/igomes/mdk/build/install/lib/bundles/org.eclipse.equinox.app_1.3.200.v20130910-1609.jar:/Users/igomes/mdk/build/install/lib/bundles/org.eclipse.equinox.common_3.6.200.v20130402-1505.jar:/Users/igomes/mdk/build/install/lib/bundles/org.eclipse.equinox.ds_1.4.200.v20131126-2331.jar:/Users/igomes/mdk/build/install/lib/bundles/org.eclipse.equinox.preferences_3.5.200.v20140224-1527.jar:/Users/igomes/mdk/build/install/lib/bundles/org.eclipse.equinox.registry_3.5.400.v20140428-1507.jar:/Users/igomes/mdk/build/install/lib/bundles/org.eclipse.equinox.util_1.0.500.v20130404-1337.jar:/Users/igomes/mdk/build/install/lib/bundles/org.eclipse.osgi.services_3.4.0.v20140312-2051.jar:/Users/igomes/mdk/build/install/lib/bundles/org.eclipse.osgi_3.10.1.v20140909-1633.jar:/Users/igomes/mdk/build/install/lib/bundles/org.eclipse.uml2.common_1.5.0.v200905041045.jar:/Users/igomes/mdk/build/install/lib/bundles/org.hamcrest.core_1.3.0.v201303031735.jar:/Users/igomes/mdk/build/install/lib/bundles/org.jboss.netty_3.10.6.Final.jar:/Users/igomes/mdk/build/install/lib/bundles/org.json_1.0.0.255610281323.jar:/Users/igomes/mdk/build/install/lib/bundles/org.junit_4.11.0.v201303080030/junit.jar:/Users/igomes/mdk/build/install/lib/bundles/org.uncommons.maths_1.2.2.201301151508/lib/uncommons-maths-1.2.2a.jar:/Users/igomes/mdk/build/install/lib/bundles/slf4j.api_1.7.7.jar:/Users/igomes/mdk/build/install/lib/com.nomagic.osgi.launcher-17.0.5-SNAPSHOT.jar:/Users/igomes/mdk/build/install/lib/commons-compress-1.3.jar:/Users/igomes/mdk/build/install/lib/commons-httpclient-3.1.jar:/Users/igomes/mdk/build/install/lib/commons-logging-1.0.4.jar:/Users/igomes/mdk/build/install/lib/concurrent.jar:/Users/igomes/mdk/build/install/lib/EccpressoAll.jar:/Users/igomes/mdk/build/install/lib/ehcache-2.10.1.jar:/Users/igomes/mdk/build/install/lib/flexlm.jar:/Users/igomes/mdk/build/install/lib/graphics/clibwrapper_jiio.jar:/Users/igomes/mdk/build/install/lib/graphics/freehep-base.jar:/Users/igomes/mdk/build/install/lib/graphics/freehep-graphics2d.jar:/Users/igomes/mdk/build/install/lib/graphics/freehep-graphicsio-emf.jar:/Users/igomes/mdk/build/install/lib/graphics/freehep-graphicsio-ps.jar:/Users/igomes/mdk/build/install/lib/graphics/freehep-graphicsio.jar:/Users/igomes/mdk/build/install/lib/graphics/jai_imageio.jar:/Users/igomes/mdk/build/install/lib/gson-2.2.4.jar:/Users/igomes/mdk/build/install/lib/HTMLEditorLight.jar:/Users/igomes/mdk/build/install/lib/javassist.jar:/Users/igomes/mdk/build/install/lib/jhall.jar:/Users/igomes/mdk/build/install/lib/jide-action.jar:/Users/igomes/mdk/build/install/lib/jide-charts.jar:/Users/igomes/mdk/build/install/lib/jide-common.jar:/Users/igomes/mdk/build/install/lib/jide-components.jar:/Users/igomes/mdk/build/install/lib/jide-dock.jar:/Users/igomes/mdk/build/install/lib/jide-editor.jar:/Users/igomes/mdk/build/install/lib/jide-gantt.jar:/Users/igomes/mdk/build/install/lib/jide-grids.jar:/Users/igomes/mdk/build/install/lib/jide-shortcut.jar:/Users/igomes/mdk/build/install/lib/jimi.jar:/Users/igomes/mdk/build/install/lib/jmyspell-core-1.0.0-beta-2.jar:/Users/igomes/mdk/build/install/lib/jna.jar:/Users/igomes/mdk/build/install/lib/jnp-client.jar:/Users/igomes/mdk/build/install/lib/jtidy-sources.zip:/Users/igomes/mdk/build/install/lib/jtidy.jar:/Users/igomes/mdk/build/install/lib/lucene-analyzers-common-4.10.3.jar:/Users/igomes/mdk/build/install/lib/lucene-core-4.10.3.jar:/Users/igomes/mdk/build/install/lib/webservice/axis-config.jar:/Users/igomes/mdk/build/install/lib/webservice/axis.jar:/Users/igomes/mdk/build/install/lib/webservice/commons-discovery-0.2.jar:/Users/igomes/mdk/build/install/lib/webservice/jaxrpc.jar:/Users/igomes/mdk/build/install/lib/webservice/mdserviceclient.jar:/Users/igomes/mdk/build/install/lib/webservice/rsclient.jar:/Users/igomes/mdk/build/install/lib/webservice/wsdl4j-1.5.1.jar:/Users/igomes/mdk/build/install/lib/xalan.jar:/Users/igomes/mdk/build/install/lib/y.jar:/Users/igomes/mdk/build/libs/mdk-3.0.0-rc5-SNAPSHOT-tests.jar:/Users/igomes/.gradle/caches/3.1/workerMain/gradle-worker.jar
java.class.version=52.0
java.endorsed.dirs=/Library/Java/JavaVirtualMachines/jdk1.8.0_101.jdk/Contents/Home/jre/lib/endorsed
java.ext.dirs=/Users/igomes/Library/Java/Extensions:/Library/Java/JavaVirtualMachines/jdk1.8.0_101.jdk/Contents/Home/jre/lib/ext:/Library/Java/Extensions:/Network/Library/Java/Extensions:/System/Library/Java/Extensions:/usr/lib/java
java.home=/Library/Java/JavaVirtualMachines/jdk1.8.0_101.jdk/Contents/Home/jre
java.io.tmpdir=/var/folders/81/j0tmgg79113403vms937g9rx0643_j/T/
java.library.path=/Users/igomes/Library/Java/Extensions:/Library/Java/Extensions:/Network/Library/Java/Extensions:/System/Library/Java/Extensions:/usr/lib/java:.
java.net.preferIPv4Stack=true
java.runtime.name=Java(TM) SE Runtime Environment
java.runtime.version=1.8.0_101-b13
java.specification.name=Java Platform API Specification
java.specification.vendor=Oracle Corporation
java.specification.version=1.8
java.vendor=Oracle Corporation
java.vendor.url=http://java.oracle.com/
java.vendor.url.bug=http://bugreport.sun.com/bugreport/
java.version=1.8.0_101
java.vm.info=mixed mode
java.vm.name=Java HotSpot(TM) 64-Bit Server VM
java.vm.specification.name=Java Virtual Machine Specification
java.vm.specification.vendor=Oracle Corporation
java.vm.specification.version=1.8
java.vm.vendor=Oracle Corporation
java.vm.version=25.101-b13
jsse.enableSNIExtension=false
line.separator=

local.config.dir.ext=-test
log4j.ignoreTCL=true
logback.configurationFile=data/logback.xml
md.class.path=$java.class.path
org.gradle.test.worker=1
org.osgi.framework.executionenvironment=OSGi/Minimum-1.0,OSGi/Minimum-1.1,OSGi/Minimum-1.2,JavaSE/compact1-1.8,JavaSE/compact2-1.8,JavaSE/compact3-1.8,JRE-1.1,J2SE-1.2,J2SE-1.3,J2SE-1.4,J2SE-1.5,JavaSE-1.6,JavaSE-1.7,JavaSE-1.8
org.osgi.framework.language=en
org.osgi.framework.os.name=MacOSX
org.osgi.framework.os.version=10.11.6
org.osgi.framework.processor=x86-64
org.osgi.framework.system.capabilities=osgi.ee; osgi.ee="OSGi/Minimum"; version:List<Version>="1.0, 1.1, 1.2",osgi.ee; osgi.ee="JRE"; version:List<Version>="1.0, 1.1",osgi.ee; osgi.ee="JavaSE"; version:List<Version>="1.0, 1.1, 1.2, 1.3, 1.4, 1.5, 1.6, 1.7, 1.8",osgi.ee; osgi.ee="JavaSE/compact1"; version:List<Version>="1.8",osgi.ee; osgi.ee="JavaSE/compact2"; version:List<Version>="1.8",osgi.ee; osgi.ee="JavaSE/compact3"; version:List<Version>="1.8"
org.osgi.framework.system.packages=javax.accessibility,javax.activation,javax.activity,javax.annotation,javax.annotation.processing,javax.crypto,javax.crypto.interfaces,javax.crypto.spec,javax.imageio,javax.imageio.event,javax.imageio.metadata,javax.imageio.plugins.bmp,javax.imageio.plugins.jpeg,javax.imageio.spi,javax.imageio.stream,javax.jws,javax.jws.soap,javax.lang.model,javax.lang.model.element,javax.lang.model.type,javax.lang.model.util,javax.management,javax.management.loading,javax.management.modelmbean,javax.management.monitor,javax.management.openmbean,javax.management.relation,javax.management.remote,javax.management.remote.rmi,javax.management.timer,javax.naming,javax.naming.directory,javax.naming.event,javax.naming.ldap,javax.naming.spi,javax.net,javax.net.ssl,javax.print,javax.print.attribute,javax.print.attribute.standard,javax.print.event,javax.rmi,javax.rmi.CORBA,javax.rmi.ssl,javax.script,javax.security.auth,javax.security.auth.callback,javax.security.auth.kerberos,javax.security.auth.login,javax.security.auth.spi,javax.security.auth.x500,javax.security.cert,javax.security.sasl,javax.sound.midi,javax.sound.midi.spi,javax.sound.sampled,javax.sound.sampled.spi,javax.sql,javax.sql.rowset,javax.sql.rowset.serial,javax.sql.rowset.spi,javax.swing,javax.swing.border,javax.swing.colorchooser,javax.swing.event,javax.swing.filechooser,javax.swing.plaf,javax.swing.plaf.basic,javax.swing.plaf.metal,javax.swing.plaf.multi,javax.swing.plaf.nimbus,javax.swing.plaf.synth,javax.swing.table,javax.swing.text,javax.swing.text.html,javax.swing.text.html.parser,javax.swing.text.rtf,javax.swing.tree,javax.swing.undo,javax.tools,javax.transaction,javax.transaction.xa,javax.xml,javax.xml.bind,javax.xml.bind.annotation,javax.xml.bind.annotation.adapters,javax.xml.bind.attachment,javax.xml.bind.helpers,javax.xml.bind.util,javax.xml.crypto,javax.xml.crypto.dom,javax.xml.crypto.dsig,javax.xml.crypto.dsig.dom,javax.xml.crypto.dsig.keyinfo,javax.xml.crypto.dsig.spec,javax.xml.datatype,javax.xml.namespace,javax.xml.parsers,javax.xml.soap,javax.xml.stream,javax.xml.stream.events,javax.xml.stream.util,javax.xml.transform,javax.xml.transform.dom,javax.xml.transform.sax,javax.xml.transform.stax,javax.xml.transform.stream,javax.xml.validation,javax.xml.ws,javax.xml.ws.handler,javax.xml.ws.handler.soap,javax.xml.ws.http,javax.xml.ws.soap,javax.xml.ws.spi,javax.xml.ws.spi.http,javax.xml.ws.wsaddressing,javax.xml.xpath,org.ietf.jgss,org.omg.CORBA,org.omg.CORBA_2_3,org.omg.CORBA_2_3.portable,org.omg.CORBA.DynAnyPackage,org.omg.CORBA.ORBPackage,org.omg.CORBA.portable,org.omg.CORBA.TypeCodePackage,org.omg.CosNaming,org.omg.CosNaming.NamingContextExtPackage,org.omg.CosNaming.NamingContextPackage,org.omg.Dynamic,org.omg.DynamicAny,org.omg.DynamicAny.DynAnyFactoryPackage,org.omg.DynamicAny.DynAnyPackage,org.omg.IOP,org.omg.IOP.CodecFactoryPackage,org.omg.IOP.CodecPackage,org.omg.Messaging,org.omg.PortableInterceptor,org.omg.PortableInterceptor.ORBInitInfoPackage,org.omg.PortableServer,org.omg.PortableServer.CurrentPackage,org.omg.PortableServer.POAManagerPackage,org.omg.PortableServer.POAPackage,org.omg.PortableServer.portable,org.omg.PortableServer.ServantLocatorPackage,org.omg.SendingContext,org.omg.stub.java.rmi,org.w3c.dom,org.w3c.dom.bootstrap,org.w3c.dom.css,org.w3c.dom.events,org.w3c.dom.html,org.w3c.dom.ls,org.w3c.dom.ranges,org.w3c.dom.stylesheets,org.w3c.dom.traversal,org.w3c.dom.views,org.w3c.dom.xpath,org.xml.sax,org.xml.sax.ext,org.xml.sax.helpers
org.osgi.framework.uuid=60aeb79b-cb39-0017-1af5-a927c4104ec7
org.osgi.framework.vendor=Eclipse
org.osgi.framework.version=1.8.0
org.osgi.supports.framework.extension=true
org.osgi.supports.framework.fragment=true
org.osgi.supports.framework.requirebundle=true
os.arch=x86_64
os.name=Mac OS X
os.version=10.11.6
osgi.arch=x86_64
osgi.bundlefile.limit=500
osgi.bundles=reference:file:com.nomagic.magicdraw.osgi.fragment_1.0.0.201704261213.jar,reference:file:ch.qos.logback.classic_1.0.13.jar@4,reference:file:ch.qos.logback.core_1.0.13.jar@4,reference:file:cmof_1.4.0.201704261213/@4,reference:file:com.esotericsoftware.kryo_2.22.0.201401231130.jar@4,reference:file:com.google.gson_2.7.0.jar@4,reference:file:com.google.guava_18.0.0.jar@4,reference:file:com.nomagic.annotations_1.0.0/@4,reference:file:com.nomagic.ci_17.0.5.v20170426-1207.jar@4,reference:file:com.nomagic.ci.binary_17.0.5.v20170426-1207.jar@4,reference:file:com.nomagic.ci.metamodel.project_17.0.5.v20170426-1207.jar@4,reference:file:com.nomagic.ci.persistence_17.0.5.v20170426-1207.jar@4,reference:file:com.nomagic.ci.persistence.local_17.0.5.v20170426-1207.jar@4,reference:file:com.nomagic.ci.services_17.0.5.v20170426-1207.jar@4,reference:file:com.nomagic.esi.api_1.0.0.v20170420-1236.jar@4,reference:file:com.nomagic.esi.client.core_1.0.0.v20170420-1236.jar@4,reference:file:com.nomagic.esi.common_1.0.0.v20170420-1236.jar@4,reference:file:com.nomagic.esi.config_1.0.0.v20170420-1236.jar@4,reference:file:com.nomagic.esi.core.msg_1.0.0.v20170420-1236.jar@4,reference:file:com.nomagic.esi.emf_1.0.0.v20170420-1236.jar@4,reference:file:com.nomagic.esi.kryoregistrations_1.0.0.v20170420-1236.jar@4,reference:file:com.nomagic.esi.net_1.0.0.v20170420-1236.jar@4,reference:file:com.nomagic.esi.net.akkafragment_1.0.0.v20170420-1236.jar@4,reference:file:com.nomagic.esi.serializer_1.0.0.v20170420-1236.jar@4,reference:file:com.nomagic.esi.service.actorsystem_1.0.0.v20170420-1236.jar@4,reference:file:com.nomagic.esi.services_1.0.0.v20170420-1236.jar@4,reference:file:com.nomagic.esi.stream_1.0.0.v20170420-1236.jar@4,reference:file:com.nomagic.esi.supervisor_1.0.0.v20170420-1236.jar@4,reference:file:com.nomagic.magicdraw_17.0.5.201704261213.jar@4,reference:file:com.nomagic.magicdraw.ce_18.1.0.201704261213.jar@4,reference:file:com.nomagic.magicdraw.core_1.0.0.201704261213.jar@4,reference:file:com.nomagic.magicdraw.core.diagram_18.1.0.201704261213.jar@4,reference:file:com.nomagic.magicdraw.core.project.options_18.1.0.201704261213.jar@4,reference:file:com.nomagic.magicdraw.esi.binary.metamodel_18.1.0.201704261213.jar@4,reference:file:com.nomagic.magicdraw.esi.esiproject_18.1.0.201704261213.jar@4,reference:file:com.nomagic.magicdraw.esi.uuidmap_18.1.0.201704261213.jar@4,reference:file:com.nomagic.magicdraw.foundation_2.0.0.201704261213.jar@4,reference:file:com.nomagic.magicdraw.security_18.3.0.201704261213.jar@4,reference:file:com.nomagic.magicdraw.uml2_2.5.0.201704261213.jar@4,reference:file:com.teamdev.jxbrowser.chromium_6.13.0.jar@4,reference:file:com.teamdev.jxbrowser.chromium.internal.linux32_6.13.0.jar@4,reference:file:com.teamdev.jxbrowser.chromium.internal.linux64_6.13.0.jar@4,reference:file:com.teamdev.jxbrowser.chromium.internal.mac_6.13.0.jar@4,reference:file:com.teamdev.jxbrowser.chromium.internal.win32_6.13.0.jar@4,reference:file:com.typesafe.akka.actor_2.4.9.jar@4,reference:file:com.typesafe.akka.cluster_2.4.9.jar@4,reference:file:com.typesafe.akka.cluster.tools_2.4.9.jar@4,reference:file:com.typesafe.akka.contrib_2.4.9.jar@4,reference:file:com.typesafe.akka.osgi_2.4.9.jar@4,reference:file:com.typesafe.akka.protobuf_2.4.9.jar@4,reference:file:com.typesafe.akka.remote_2.4.9.jar@4,reference:file:com.typesafe.akka.slf4j_2.4.9.jar@4,reference:file:com.typesafe.config_1.3.0.jar@4,reference:file:de.schlichtherle.truezip_7.4.3.v20170426-1207/@4,reference:file:gnu.trove_3.0.3/@4,reference:file:io.dropwizard.metrics.core_3.1.2.jar@4,reference:file:io.netty.buffer_4.0.37.Final.jar@4,reference:file:io.netty.codec_4.0.37.Final.jar@4,reference:file:io.netty.common_4.0.37.Final.jar@4,reference:file:io.netty.handler_4.0.37.Final.jar@4,reference:file:io.netty.transport_4.0.37.Final.jar@4,reference:file:javax.jmi_1.0.0.201704261213/@4,reference:file:joda-time_2.9.1.jar@4,reference:file:lz4-java_1.3.0.jar@4,reference:file:org.apache.commons.codec_1.6.0.v201305230611.jar@4,reference:file:org.apache.commons.collections_3.2.1.jar@4,reference:file:org.apache.commons.compress_1.3.0.jar@4,reference:file:org.apache.commons.io_2.4.0.jar@4,reference:file:org.apache.commons.lang_2.6.0.v201404270220.jar@4,reference:file:org.apache.directory.api_1.0.0.jar@4,reference:file:org.apache.log4j_1.2.15.v201005080500.jar@4,reference:file:org.apache.servicemix.bundles.jsr305_2.0.1.1.jar@4,reference:file:org.eclipse.core.contenttype_3.4.200.v20140207-1251.jar@4,reference:file:org.eclipse.core.jobs_3.6.0.v20140424-0053.jar@4,reference:file:org.eclipse.core.runtime_3.10.0.v20140318-2214.jar@4:start,reference:file:org.eclipse.emf.common_2.10.1.v20140901-1043.jar@4,reference:file:org.eclipse.emf.ecore_2.10.1.v20140901-1043.jar@4,reference:file:org.eclipse.emf.ecore.change_2.10.0.v20140901-1043.jar@4,reference:file:org.eclipse.emf.ecore.xmi_2.10.1.v20140901-1043.jar@4,reference:file:org.eclipse.emf.edit_2.10.1.v20140901-1055.jar@4,reference:file:org.eclipse.equinox.app_1.3.200.v20130910-1609.jar@4,reference:file:org.eclipse.equinox.common_3.6.200.v20130402-1505.jar@2:start,reference:file:org.eclipse.equinox.ds_1.4.200.v20131126-2331.jar@1:start,reference:file:org.eclipse.equinox.preferences_3.5.200.v20140224-1527.jar@4,reference:file:org.eclipse.equinox.registry_3.5.400.v20140428-1507.jar@4,reference:file:org.eclipse.equinox.util_1.0.500.v20130404-1337.jar@4,reference:file:org.eclipse.osgi.services_3.4.0.v20140312-2051.jar@4,reference:file:org.eclipse.uml2.common_1.5.0.v200905041045.jar@4,reference:file:org.hamcrest.core_1.3.0.v201303031735.jar@4,reference:file:org.jboss.netty_3.10.6.Final.jar@4,reference:file:org.json_1.0.0.255610281323.jar@4,reference:file:org.junit_4.11.0.v201303080030/@4,reference:file:org.scala-lang.modules.scala-java8-compat_0.7.0.jar@4,reference:file:org.scala-lang.scala-library_2.11.8.v20160304-115712-1706a37eb8.jar@4,reference:file:org.uncommons.maths_1.2.2.201301151508/@4,reference:file:slf4j.api_1.7.7.jar@4
osgi.bundles.defaultStartLevel=4
osgi.checkConfiguration=true
osgi.clean=true
osgi.compatibility.bootdelegation=true
osgi.configuration.area=file:/Users/igomes/.magicdraw-test/18.5/configuration/
osgi.framework=file:/Users/igomes/mdk/build/install/lib/bundles/org.eclipse.osgi_3.10.1.v20140909-1633.jar
osgi.framework.extensions=reference:file:com.nomagic.magicdraw.osgi.fragment_1.0.0.201704261213.jar
osgi.framework.useSystemProperties=true
osgi.install.area=file:/Users/igomes/mdk/build/install/lib/bundles/
osgi.logfile=/Users/igomes/.magicdraw-test/18.5/configuration/1494893230815.log
osgi.nl=en_US
osgi.os=macosx
osgi.sharedConfiguration.area=file:configuration/
osgi.syspath=/Users/igomes/mdk/build/install/lib/bundles
osgi.ws=cocoa
path.separator=:
sun.arch.data.model=64
sun.awt.enableExtraMouseButtons=true
sun.boot.class.path=/Library/Java/JavaVirtualMachines/jdk1.8.0_101.jdk/Contents/Home/jre/lib/resources.jar:/Library/Java/JavaVirtualMachines/jdk1.8.0_101.jdk/Contents/Home/jre/lib/rt.jar:/Library/Java/JavaVirtualMachines/jdk1.8.0_101.jdk/Contents/Home/jre/lib/sunrsasign.jar:/Library/Java/JavaVirtualMachines/jdk1.8.0_101.jdk/Contents/Home/jre/lib/jsse.jar:/Library/Java/JavaVirtualMachines/jdk1.8.0_101.jdk/Contents/Home/jre/lib/jce.jar:/Library/Java/JavaVirtualMachines/jdk1.8.0_101.jdk/Contents/Home/jre/lib/charsets.jar:/Library/Java/JavaVirtualMachines/jdk1.8.0_101.jdk/Contents/Home/jre/lib/jfr.jar:/Library/Java/JavaVirtualMachines/jdk1.8.0_101.jdk/Contents/Home/jre/classes
sun.boot.library.path=/Library/Java/JavaVirtualMachines/jdk1.8.0_101.jdk/Contents/Home/jre/lib
sun.cpu.endian=little
sun.cpu.isalist=
sun.font.fontmanager=sun.font.CFontManager
sun.io.unicode.encoding=UnicodeBig
sun.java.command=/Users/igomes/mdk/build/libs/mdk-3.0.0-rc5-SNAPSHOT-tests-hack.jar -cp /Users/igomes/mdk/build/generated-dist/plugins/gov.nasa.jpl.cae.magicdraw.mdk/activemq-all-5.9.1.jar:/Users/igomes/mdk/build/generated-dist/plugins/gov.nasa.jpl.cae.magicdraw.mdk/btf-1.2.jar:/Users/igomes/mdk/build/generated-dist/plugins/gov.nasa.jpl.cae.magicdraw.mdk/commons-codec-1.9.jar:/Users/igomes/mdk/build/generated-dist/plugins/gov.nasa.jpl.cae.magicdraw.mdk/commons-io-1.3.2.jar:/Users/igomes/mdk/build/generated-dist/plugins/gov.nasa.jpl.cae.magicdraw.mdk/commons-logging-1.2.jar:/Users/igomes/mdk/build/generated-dist/plugins/gov.nasa.jpl.cae.magicdraw.mdk/guava-16.0.1.jar:/Users/igomes/mdk/build/generated-dist/plugins/gov.nasa.jpl.cae.magicdraw.mdk/httpclient-4.5.2.jar:/Users/igomes/mdk/build/generated-dist/plugins/gov.nasa.jpl.cae.magicdraw.mdk/httpcore-4.4.4.jar:/Users/igomes/mdk/build/generated-dist/plugins/gov.nasa.jpl.cae.magicdraw.mdk/httpmime-4.5.2.jar:/Users/igomes/mdk/build/generated-dist/plugins/gov.nasa.jpl.cae.magicdraw.mdk/jackson-annotations-2.8.0.jar:/Users/igomes/mdk/build/generated-dist/plugins/gov.nasa.jpl.cae.magicdraw.mdk/jackson-core-2.8.3.jar:/Users/igomes/mdk/build/generated-dist/plugins/gov.nasa.jpl.cae.magicdraw.mdk/jackson-coreutils-1.6.jar:/Users/igomes/mdk/build/generated-dist/plugins/gov.nasa.jpl.cae.magicdraw.mdk/jackson-databind-2.8.3.jar:/Users/igomes/mdk/build/generated-dist/plugins/gov.nasa.jpl.cae.magicdraw.mdk/jgrapht-0.8.3.jar:/Users/igomes/mdk/build/generated-dist/plugins/gov.nasa.jpl.cae.magicdraw.mdk/json-patch-1.13.jar:/Users/igomes/mdk/build/generated-dist/plugins/gov.nasa.jpl.cae.magicdraw.mdk/json-simple-1.1.jar:/Users/igomes/mdk/build/generated-dist/plugins/gov.nasa.jpl.cae.magicdraw.mdk/jsoup-1.6.1.jar:/Users/igomes/mdk/build/generated-dist/plugins/gov.nasa.jpl.cae.magicdraw.mdk/jsr305-2.0.1.jar:/Users/igomes/mdk/build/generated-dist/plugins/gov.nasa.jpl.cae.magicdraw.mdk/log4j-1.2.17.jar:/Users/igomes/mdk/build/generated-dist/plugins/gov.nasa.jpl.cae.magicdraw.mdk/lpg.runtime.java_2.0.17.v201004271640.jar:/Users/igomes/mdk/build/generated-dist/plugins/gov.nasa.jpl.cae.magicdraw.mdk/mdk-3.0.0-rc5-SNAPSHOT.jar:/Users/igomes/mdk/build/generated-dist/plugins/gov.nasa.jpl.cae.magicdraw.mdk/msg-simple-1.1.jar:/Users/igomes/mdk/build/generated-dist/plugins/gov.nasa.jpl.cae.magicdraw.mdk/opencsv-2.3.jar:/Users/igomes/mdk/build/generated-dist/plugins/gov.nasa.jpl.cae.magicdraw.mdk/org.eclipse.ocl.common.ui_1.3.100.v20160613-1351.jar:/Users/igomes/mdk/build/generated-dist/plugins/gov.nasa.jpl.cae.magicdraw.mdk/org.eclipse.ocl.common_1.4.100.v20160613-1351.jar:/Users/igomes/mdk/build/generated-dist/plugins/gov.nasa.jpl.cae.magicdraw.mdk/org.eclipse.ocl.ecore_3.6.100.v20160613-1351.jar:/Users/igomes/mdk/build/generated-dist/plugins/gov.nasa.jpl.cae.magicdraw.mdk/org.eclipse.ocl_3.6.100.v20160613-1351.jar:/Users/igomes/mdk/build/generated-dist/plugins/gov.nasa.jpl.cae.magicdraw.mdk/slf4j-api-1.7.2.jar:/Users/igomes/mdk/build/generated-dist/plugins/gov.nasa.jpl.cae.magicdraw.mdk/slf4j-log4j12-1.7.2.jar:/Users/igomes/mdk/build/generated-dist/plugins/gov.nasa.jpl.cae.magicdraw.mdk/swingx-all-1.6.4.jar:/Users/igomes/mdk/build/install/lib/patch.jar:/Users/igomes/mdk/build/install/lib/md.jar:/Users/igomes/mdk/build/install/lib/md_api.jar:/Users/igomes/mdk/build/install/lib/md_common.jar:/Users/igomes/mdk/build/install/lib/md_common_api.jar:/Users/igomes/mdk/build/install/lib/md_common_test.jar:/Users/igomes/mdk/build/install/lib/tw_common.jar:/Users/igomes/mdk/build/install/lib/tw_common_api.jar:/Users/igomes/mdk/build/install/lib/launcher.jar:/Users/igomes/mdk/build/install/lib/activation.jar:/Users/igomes/mdk/build/install/lib/annotation.jar:/Users/igomes/mdk/build/install/lib/batik.jar:/Users/igomes/mdk/build/install/lib/bundles/ch.qos.logback.classic_1.0.13.jar:/Users/igomes/mdk/build/install/lib/bundles/ch.qos.logback.core_1.0.13.jar:/Users/igomes/mdk/build/install/lib/bundles/cmof_1.4.0.201704261213/cmof14.jar:/Users/igomes/mdk/build/install/lib/bundles/cmof_1.4.0.201704261213/tas.jar:/Users/igomes/mdk/build/install/lib/bundles/com.esotericsoftware.kryo_2.22.0.201401231130.jar:/Users/igomes/mdk/build/install/lib/bundles/com.google.gson_2.7.0.jar:/Users/igomes/mdk/build/install/lib/bundles/com.google.guava_18.0.0.jar:/Users/igomes/mdk/build/install/lib/bundles/com.nomagic.annotations_1.0.0/com.nomagic.annotation-1.0.jar:/Users/igomes/mdk/build/install/lib/bundles/com.nomagic.ci.binary_17.0.5.v20170426-1207.jar:/Users/igomes/mdk/build/install/lib/bundles/com.nomagic.ci.metamodel.project_17.0.5.v20170426-1207.jar:/Users/igomes/mdk/build/install/lib/bundles/com.nomagic.ci.persistence.local_17.0.5.v20170426-1207.jar:/Users/igomes/mdk/build/install/lib/bundles/com.nomagic.ci.persistence_17.0.5.v20170426-1207.jar:/Users/igomes/mdk/build/install/lib/bundles/com.nomagic.ci.services_17.0.5.v20170426-1207.jar:/Users/igomes/mdk/build/install/lib/bundles/com.nomagic.ci_17.0.5.v20170426-1207.jar:/Users/igomes/mdk/build/install/lib/bundles/com.nomagic.magicdraw.ce_18.1.0.201704261213.jar:/Users/igomes/mdk/build/install/lib/bundles/com.nomagic.magicdraw.core.diagram_18.1.0.201704261213.jar:/Users/igomes/mdk/build/install/lib/bundles/com.nomagic.magicdraw.core.project.options_18.1.0.201704261213.jar:/Users/igomes/mdk/build/install/lib/bundles/com.nomagic.magicdraw.core_1.0.0.201704261213.jar:/Users/igomes/mdk/build/install/lib/bundles/com.nomagic.magicdraw.esi.binary.metamodel_18.1.0.201704261213.jar:/Users/igomes/mdk/build/install/lib/bundles/com.nomagic.magicdraw.esi.esiproject_18.1.0.201704261213.jar:/Users/igomes/mdk/build/install/lib/bundles/com.nomagic.magicdraw.esi.uuidmap_18.1.0.201704261213.jar:/Users/igomes/mdk/build/install/lib/bundles/com.nomagic.magicdraw.foundation_2.0.0.201704261213.jar:/Users/igomes/mdk/build/install/lib/bundles/com.nomagic.magicdraw.osgi.fragment_1.0.0.201704261213.jar:/Users/igomes/mdk/build/install/lib/bundles/com.nomagic.magicdraw.security_18.3.0.201704261213.jar:/Users/igomes/mdk/build/install/lib/bundles/com.nomagic.magicdraw.uml2_2.5.0.201704261213.jar:/Users/igomes/mdk/build/install/lib/bundles/com.nomagic.magicdraw_17.0.5.201704261213.jar:/Users/igomes/mdk/build/install/lib/bundles/com.teamdev.jxbrowser.chromium.internal.linux32_6.13.0.jar:/Users/igomes/mdk/build/install/lib/bundles/com.teamdev.jxbrowser.chromium.internal.linux64_6.13.0.jar:/Users/igomes/mdk/build/install/lib/bundles/com.teamdev.jxbrowser.chromium.internal.mac_6.13.0.jar:/Users/igomes/mdk/build/install/lib/bundles/com.teamdev.jxbrowser.chromium.internal.win32_6.13.0.jar:/Users/igomes/mdk/build/install/lib/bundles/com.teamdev.jxbrowser.chromium_6.13.0.jar:/Users/igomes/mdk/build/install/lib/bundles/com.typesafe.config_1.3.0.jar:/Users/igomes/mdk/build/install/lib/bundles/de.schlichtherle.truezip_7.4.3.v20170426-1207/lib/truezip-driver-zip-7.4.3.jar:/Users/igomes/mdk/build/install/lib/bundles/de.schlichtherle.truezip_7.4.3.v20170426-1207/lib/truezip-kernel-7.4.3.jar:/Users/igomes/mdk/build/install/lib/bundles/gnu.trove_3.0.3/lib/trove-3.0.3.jar:/Users/igomes/mdk/build/install/lib/bundles/io.dropwizard.metrics.core_3.1.2.jar:/Users/igomes/mdk/build/install/lib/bundles/io.netty.buffer_4.0.37.Final.jar:/Users/igomes/mdk/build/install/lib/bundles/io.netty.codec_4.0.37.Final.jar:/Users/igomes/mdk/build/install/lib/bundles/io.netty.common_4.0.37.Final.jar:/Users/igomes/mdk/build/install/lib/bundles/io.netty.handler_4.0.37.Final.jar:/Users/igomes/mdk/build/install/lib/bundles/io.netty.transport_4.0.37.Final.jar:/Users/igomes/mdk/build/install/lib/bundles/javax.jmi_1.0.0.201704261213/javax_jmi-1_0-fr.jar:/Users/igomes/mdk/build/install/lib/bundles/joda-time_2.9.1.jar:/Users/igomes/mdk/build/install/lib/bundles/lz4-java_1.3.0.jar:/Users/igomes/mdk/build/install/lib/bundles/org.apache.commons.codec_1.6.0.v201305230611.jar:/Users/igomes/mdk/build/install/lib/bundles/org.apache.commons.collections_3.2.1.jar:/Users/igomes/mdk/build/install/lib/bundles/org.apache.commons.compress_1.3.0.jar:/Users/igomes/mdk/build/install/lib/bundles/org.apache.commons.io_2.4.0.jar:/Users/igomes/mdk/build/install/lib/bundles/org.apache.commons.lang_2.6.0.v201404270220.jar:/Users/igomes/mdk/build/install/lib/bundles/org.apache.directory.api_1.0.0.jar:/Users/igomes/mdk/build/install/lib/bundles/org.apache.log4j_1.2.15.v201005080500.jar:/Users/igomes/mdk/build/install/lib/bundles/org.apache.servicemix.bundles.jsr305_2.0.1.1.jar:/Users/igomes/mdk/build/install/lib/bundles/org.eclipse.core.contenttype_3.4.200.v20140207-1251.jar:/Users/igomes/mdk/build/install/lib/bundles/org.eclipse.core.jobs_3.6.0.v20140424-0053.jar:/Users/igomes/mdk/build/install/lib/bundles/org.eclipse.core.runtime_3.10.0.v20140318-2214.jar:/Users/igomes/mdk/build/install/lib/bundles/org.eclipse.emf.common_2.10.1.v20140901-1043.jar:/Users/igomes/mdk/build/install/lib/bundles/org.eclipse.emf.ecore.change_2.10.0.v20140901-1043.jar:/Users/igomes/mdk/build/install/lib/bundles/org.eclipse.emf.ecore.xmi_2.10.1.v20140901-1043.jar:/Users/igomes/mdk/build/install/lib/bundles/org.eclipse.emf.ecore_2.10.1.v20140901-1043.jar:/Users/igomes/mdk/build/install/lib/bundles/org.eclipse.emf.edit_2.10.1.v20140901-1055.jar:/Users/igomes/mdk/build/install/lib/bundles/org.eclipse.equinox.app_1.3.200.v20130910-1609.jar:/Users/igomes/mdk/build/install/lib/bundles/org.eclipse.equinox.common_3.6.200.v20130402-1505.jar:/Users/igomes/mdk/build/install/lib/bundles/org.eclipse.equinox.ds_1.4.200.v20131126-2331.jar:/Users/igomes/mdk/build/install/lib/bundles/org.eclipse.equinox.preferences_3.5.200.v20140224-1527.jar:/Users/igomes/mdk/build/install/lib/bundles/org.eclipse.equinox.registry_3.5.400.v20140428-1507.jar:/Users/igomes/mdk/build/install/lib/bundles/org.eclipse.equinox.util_1.0.500.v20130404-1337.jar:/Users/igomes/mdk/build/install/lib/bundles/org.eclipse.osgi.services_3.4.0.v20140312-2051.jar:/Users/igomes/mdk/build/install/lib/bundles/org.eclipse.osgi_3.10.1.v20140909-1633.jar:/Users/igomes/mdk/build/install/lib/bundles/org.eclipse.uml2.common_1.5.0.v200905041045.jar:/Users/igomes/mdk/build/install/lib/bundles/org.hamcrest.core_1.3.0.v201303031735.jar:/Users/igomes/mdk/build/install/lib/bundles/org.jboss.netty_3.10.6.Final.jar:/Users/igomes/mdk/build/install/lib/bundles/org.json_1.0.0.255610281323.jar:/Users/igomes/mdk/build/install/lib/bundles/org.junit_4.11.0.v201303080030/junit.jar:/Users/igomes/mdk/build/install/lib/bundles/org.uncommons.maths_1.2.2.201301151508/lib/uncommons-maths-1.2.2a.jar:/Users/igomes/mdk/build/install/lib/bundles/slf4j.api_1.7.7.jar:/Users/igomes/mdk/build/install/lib/com.nomagic.osgi.launcher-17.0.5-SNAPSHOT.jar:/Users/igomes/mdk/build/install/lib/commons-compress-1.3.jar:/Users/igomes/mdk/build/install/lib/commons-httpclient-3.1.jar:/Users/igomes/mdk/build/install/lib/commons-logging-1.0.4.jar:/Users/igomes/mdk/build/install/lib/concurrent.jar:/Users/igomes/mdk/build/install/lib/EccpressoAll.jar:/Users/igomes/mdk/build/install/lib/ehcache-2.10.1.jar:/Users/igomes/mdk/build/install/lib/flexlm.jar:/Users/igomes/mdk/build/install/lib/graphics/clibwrapper_jiio.jar:/Users/igomes/mdk/build/install/lib/graphics/freehep-base.jar:/Users/igomes/mdk/build/install/lib/graphics/freehep-graphics2d.jar:/Users/igomes/mdk/build/install/lib/graphics/freehep-graphicsio-emf.jar:/Users/igomes/mdk/build/install/lib/graphics/freehep-graphicsio-ps.jar:/Users/igomes/mdk/build/install/lib/graphics/freehep-graphicsio.jar:/Users/igomes/mdk/build/install/lib/graphics/jai_imageio.jar:/Users/igomes/mdk/build/install/lib/gson-2.2.4.jar:/Users/igomes/mdk/build/install/lib/HTMLEditorLight.jar:/Users/igomes/mdk/build/install/lib/javassist.jar:/Users/igomes/mdk/build/install/lib/jhall.jar:/Users/igomes/mdk/build/install/lib/jide-action.jar:/Users/igomes/mdk/build/install/lib/jide-charts.jar:/Users/igomes/mdk/build/install/lib/jide-common.jar:/Users/igomes/mdk/build/install/lib/jide-components.jar:/Users/igomes/mdk/build/install/lib/jide-dock.jar:/Users/igomes/mdk/build/install/lib/jide-editor.jar:/Users/igomes/mdk/build/install/lib/jide-gantt.jar:/Users/igomes/mdk/build/install/lib/jide-grids.jar:/Users/igomes/mdk/build/install/lib/jide-shortcut.jar:/Users/igomes/mdk/build/install/lib/jimi.jar:/Users/igomes/mdk/build/install/lib/jmyspell-core-1.0.0-beta-2.jar:/Users/igomes/mdk/build/install/lib/jna.jar:/Users/igomes/mdk/build/install/lib/jnp-client.jar:/Users/igomes/mdk/build/install/lib/jtidy-sources.zip:/Users/igomes/mdk/build/install/lib/jtidy.jar:/Users/igomes/mdk/build/install/lib/lucene-analyzers-common-4.10.3.jar:/Users/igomes/mdk/build/install/lib/lucene-core-4.10.3.jar:/Users/igomes/mdk/build/install/lib/webservice/axis-config.jar:/Users/igomes/mdk/build/install/lib/webservice/axis.jar:/Users/igomes/mdk/build/install/lib/webservice/commons-discovery-0.2.jar:/Users/igomes/mdk/build/install/lib/webservice/jaxrpc.jar:/Users/igomes/mdk/build/install/lib/webservice/mdserviceclient.jar:/Users/igomes/mdk/build/install/lib/webservice/rsclient.jar:/Users/igomes/mdk/build/install/lib/webservice/wsdl4j-1.5.1.jar:/Users/igomes/mdk/build/install/lib/xalan.jar:/Users/igomes/mdk/build/install/lib/y.jar:/Users/igomes/mdk/build/libs/mdk-3.0.0-rc5-SNAPSHOT-tests.jar -noverify -splash:data/splash.png -Dfile.encoding=UTF-8 -Duser.country=US -Duser.language=en -Duser.variant -ea -cp /Users/igomes/.gradle/caches/3.1/workerMain/gradle-worker.jar worker.org.gradle.process.internal.worker.GradleWorkerMain 'Gradle Test Executor 1'
sun.java.launcher=SUN_STANDARD
sun.jnu.encoding=UTF-8
sun.locale.formatasdefault=true
sun.management.compiler=HotSpot 64-Bit Tiered Compilers
sun.nio.ch.bugLevel=
sun.os.patch.level=unknown
user.country=US
user.dir=/Users/igomes/mdk/build/install
user.home=/Users/igomes
user.language=en
user.name=igomes
user.timezone=America/Los_Angeles
Using threads number 8 
Configuration files=/Users/igomes/.magicdraw-test/18.5/
Application arguments are [TESTER]
Retina scale factor - 2
Cache directory /Users/igomes/.magicdraw-test/18.5/cache
Resolution scale factor - 1.0
ThreadMonitoringService started.
2017-05-15 17:07:23,220 [Test worker] INFO  com.nomagic.ci.persistence.local.LocalProjectRepositoryType - Local persistence implementation version: null
2017-05-15 17:07:24,800 [Test worker] WARN  GUI - NO ICON FOR: group=options name=HTTP_PROXY
2017-05-15 17:07:25,470 [Test worker] INFO  MODEL - ReflectionHelper.getElementsFactory CREATING A NEW TEMPORAL REPOSITORY INSTANCE
2017-05-15 17:07:25,500 [Test worker] INFO  com.io_software.jmi.reflect.AbstractRepository - Created repository: REP_MOF_1.4/JMI_1.0[com.nomagic.uml2.ext.jmi.reflect.AbstractRepository$MofRepository][com.nomagic.uml2.ext.jmi.reflect.AbstractRepository$MofRepository@5f683eb,ALIVE]null
2017-05-15 17:07:26,165 [Test worker] INFO  GENERAL - RESOURCE DIRECTOR - STARTUP
2017-05-15 17:07:26,178 [Test worker] INFO  PLUGINS - LOADING PLUGINS...
2017-05-15 17:07:26,443 [ForkJoinPool.commonPool-worker-5] INFO  PLUGINS - Plugin [ name = Syndeia MagicDraw, id = com.intercax.syndeia.md, provider = Intercax, version = 3.0, enabled = true, class = com.intercax.slim.md.SlimPlugin, ownClassloader = true, class-lookup = LocalFirst, requires api = 1.0, runtime = [file:/Users/igomes/mdk/build/install/plugins/com.intercax.syndeia.md/slim.md.jar, file:/Users/igomes/mdk/build/install/plugins/com.intercax.syndeia.md/lib/ObfuscationAnnotation-2.5.3.jar, file:/Users/igomes/mdk/build/install/plugins/com.intercax.syndeia.md/lib/activation-1.1.jar, file:/Users/igomes/mdk/build/install/plugins/com.intercax.syndeia.md/lib/blueprints-core-2.6.0.jar, file:/Users/igomes/mdk/build/install/plugins/com.intercax.syndeia.md/lib/commons-beanutils-1.7.0.jar, file:/Users/igomes/mdk/build/install/plugins/com.intercax.syndeia.md/lib/commons-beanutils-core-1.8.0.jar, file:/Users/igomes/mdk/build/install/plugins/com.intercax.syndeia.md/lib/commons-codec-1.9.jar, file:/Users/igomes/mdk/build/install/plugins/com.intercax.syndeia.md/lib/commons-collections-3.2.2.jar, file:/Users/igomes/mdk/build/install/plugins/com.intercax.syndeia.md/lib/commons-configuration-1.6.jar, file:/Users/igomes/mdk/build/install/plugins/com.intercax.syndeia.md/lib/commons-digester-1.8.jar, file:/Users/igomes/mdk/build/install/plugins/com.intercax.syndeia.md/lib/commons-io-1.3.2.jar, file:/Users/igomes/mdk/build/install/plugins/com.intercax.syndeia.md/lib/commons-lang-2.4.jar, file:/Users/igomes/mdk/build/install/plugins/com.intercax.syndeia.md/lib/commons-lang3-3.4.jar, file:/Users/igomes/mdk/build/install/plugins/com.intercax.syndeia.md/lib/concurrentlinkedhashmap-lru-1.4.1.jar, file:/Users/igomes/mdk/build/install/plugins/com.intercax.syndeia.md/lib/engine-9.1.0.441655.jar, file:/Users/igomes/mdk/build/install/plugins/com.intercax.syndeia.md/lib/gson-2.3.1.jar, file:/Users/igomes/mdk/build/install/plugins/com.intercax.syndeia.md/lib/guava-18.0.jar, file:/Users/igomes/mdk/build/install/plugins/com.intercax.syndeia.md/lib/hppc-0.6.0.jar, file:/Users/igomes/mdk/build/install/plugins/com.intercax.syndeia.md/lib/httpclient-4.5.jar, file:/Users/igomes/mdk/build/install/plugins/com.intercax.syndeia.md/lib/httpcore-4.4.1.jar, file:/Users/igomes/mdk/build/install/plugins/com.intercax.syndeia.md/lib/jackson-annotations-2.6.0.jar, file:/Users/igomes/mdk/build/install/plugins/com.intercax.syndeia.md/lib/jackson-core-2.6.1.jar, file:/Users/igomes/mdk/build/install/plugins/com.intercax.syndeia.md/lib/jackson-databind-2.6.1.jar, file:/Users/igomes/mdk/build/install/plugins/com.intercax.syndeia.md/lib/jettison-1.3.3.jar, file:/Users/igomes/mdk/build/install/plugins/com.intercax.syndeia.md/lib/jide-dialogs-3.5.15.jar, file:/Users/igomes/mdk/build/install/plugins/com.intercax.syndeia.md/lib/jide-grids-3.5.15.jar, file:/Users/igomes/mdk/build/install/plugins/com.intercax.syndeia.md/lib/jlink-9.0.jar, file:/Users/igomes/mdk/build/install/plugins/com.intercax.syndeia.md/lib/log4j-1.2.17.jar, file:/Users/igomes/mdk/build/install/plugins/com.intercax.syndeia.md/lib/mail-1.4.7.jar, file:/Users/igomes/mdk/build/install/plugins/com.intercax.syndeia.md/lib/neo4j-java-driver-1.1.0-M01.jar, file:/Users/igomes/mdk/build/install/plugins/com.intercax.syndeia.md/lib/netty-buffer-4.0.31.Final.jar, file:/Users/igomes/mdk/build/install/plugins/com.intercax.syndeia.md/lib/netty-codec-4.0.31.Final.jar, file:/Users/igomes/mdk/build/install/plugins/com.intercax.syndeia.md/lib/netty-codec-http-4.0.31.Final.jar, file:/Users/igomes/mdk/build/install/plugins/com.intercax.syndeia.md/lib/netty-common-4.0.31.Final.jar, file:/Users/igomes/mdk/build/install/plugins/com.intercax.syndeia.md/lib/netty-handler-4.0.31.Final.jar, file:/Users/igomes/mdk/build/install/plugins/com.intercax.syndeia.md/lib/netty-transport-4.0.31.Final.jar, file:/Users/igomes/mdk/build/install/plugins/com.intercax.syndeia.md/lib/ooxml-schemas-1.1.jar, file:/Users/igomes/mdk/build/install/plugins/com.intercax.syndeia.md/lib/org.eclipse.emf.common-2.6.0.v20100614-1136.jar, file:/Users/igomes/mdk/build/install/plugins/com.intercax.syndeia.md/lib/org.eclipse.emf.ecore-2.6.0.v20100614-1136.jar, file:/Users/igomes/mdk/build/install/plugins/com.intercax.syndeia.md/lib/org.eclipse.emf.ecore.xmi-2.5.0.v20100521-1846.jar, file:/Users/igomes/mdk/build/install/plugins/com.intercax.syndeia.md/lib/org.eclipse.emf.mapping.ecore2xml-2.5.0.v20100521-1847.jar, file:/Users/igomes/mdk/build/install/plugins/com.intercax.syndeia.md/lib/org.eclipse.uml2.common-1.5.0.v201005031530.jar, file:/Users/igomes/mdk/build/install/plugins/com.intercax.syndeia.md/lib/org.eclipse.uml2.uml-3.1.0.v201006071150.jar, file:/Users/igomes/mdk/build/install/plugins/com.intercax.syndeia.md/lib/orientdb-client-2.2.13.jar, file:/Users/igomes/mdk/build/install/plugins/com.intercax.syndeia.md/lib/orientdb-core-2.2.13.jar, file:/Users/igomes/mdk/build/install/plugins/com.intercax.syndeia.md/lib/orientdb-graphdb-2.2.13.jar, file:/Users/igomes/mdk/build/install/plugins/com.intercax.syndeia.md/lib/orientdb-server-2.2.13.jar, file:/Users/igomes/mdk/build/install/plugins/com.intercax.syndeia.md/lib/orientdb-tools-2.2.13.jar, file:/Users/igomes/mdk/build/install/plugins/com.intercax.syndeia.md/lib/poi-3.11.jar, file:/Users/igomes/mdk/build/install/plugins/com.intercax.syndeia.md/lib/poi-ooxml-3.11.jar, file:/Users/igomes/mdk/build/install/plugins/com.intercax.syndeia.md/lib/poi-ooxml-schemas-3.11.jar, file:/Users/igomes/mdk/build/install/plugins/com.intercax.syndeia.md/lib/rlm1112-11.1.2.jar, file:/Users/igomes/mdk/build/install/plugins/com.intercax.syndeia.md/lib/slim-3.0.54.1.jar, file:/Users/igomes/mdk/build/install/plugins/com.intercax.syndeia.md/lib/snappy-java-1.1.0.1.jar, file:/Users/igomes/mdk/build/install/plugins/com.intercax.syndeia.md/lib/stax-api-1.0.1.jar, file:/Users/igomes/mdk/build/install/plugins/com.intercax.syndeia.md/lib/sysml-3.0.54.1.jar, file:/Users/igomes/mdk/build/install/plugins/com.intercax.syndeia.md/lib/sysml.md-3.0.54.1.jar, file:/Users/igomes/mdk/build/install/plugins/com.intercax.syndeia.md/lib/vertx-auth-common-3.1.0.jar, file:/Users/igomes/mdk/build/install/plugins/com.intercax.syndeia.md/lib/vertx-core-3.1.0.jar, file:/Users/igomes/mdk/build/install/plugins/com.intercax.syndeia.md/lib/vertx-web-3.1.0.jar, file:/Users/igomes/mdk/build/install/plugins/com.intercax.syndeia.md/lib/xmlbeans-2.6.0.jar]]
2017-05-15 17:07:26,445 [ForkJoinPool.commonPool-worker-5] INFO  PLUGINS - Plugin [ name = Cameo DataHub, id = com.nomagic.datahub.magicdrawplugin, provider = No Magic, version = 18.5, internalVersion = 1850010, enabled = true, class = com.nomagic.datahub.tools.magicdraw.CameoDataHubPlugin, ownClassloader = true, class-lookup = LocalFirst, requires api = 1.0, runtime = [file:/Users/igomes/mdk/build/install/plugins/com.nomagic.datahub.magicdraw/lib/xstream-1.3.1.jar, file:/Users/igomes/mdk/build/install/plugins/com.nomagic.datahub.magicdraw/lib/commons-io-1.4.jar, file:/Users/igomes/mdk/build/install/plugins/com.nomagic.datahub.magicdraw/lib/velocity-1.7.jar, file:/Users/igomes/mdk/build/install/plugins/com.nomagic.datahub.magicdraw/lib/persistence-2.0.0.jar, file:/Users/igomes/mdk/build/install/plugins/com.nomagic.datahub.magicdraw/lib/com.nomagic.datahub.common_18.5.0.jar, file:/Users/igomes/mdk/build/install/plugins/com.nomagic.datahub.magicdraw/lib/javahelp-2.0.02.jar, file:/Users/igomes/mdk/build/install/plugins/com.nomagic.datahub.magicdraw/lib/log4j-1.2.16.jar, file:/Users/igomes/mdk/build/install/plugins/com.nomagic.datahub.magicdraw/lib/velocity-dep-1.7.jar, file:/Users/igomes/mdk/build/install/plugins/com.nomagic.datahub.magicdraw/lib/commons-lang-2.4.jar, file:/Users/igomes/mdk/build/install/plugins/com.nomagic.datahub.magicdraw/lib/swingx-1.6.jar, file:/Users/igomes/mdk/build/install/plugins/com.nomagic.datahub.magicdraw/lib/com.nomagic.datahub.server_18.5.0.jar, file:/Users/igomes/mdk/build/install/plugins/com.nomagic.datahub.magicdraw/lib/com.nomagic.datahub.transport.intravm_18.5.0.jar, file:/Users/igomes/mdk/build/install/plugins/com.nomagic.datahub.magicdraw/lib/com.nomagic.datahub.fileds_18.5.0.jar, file:/Users/igomes/mdk/build/install/plugins/com.nomagic.datahub.magicdraw/lib/httpclient-4.5.1.jar, file:/Users/igomes/mdk/build/install/plugins/com.nomagic.datahub.magicdraw/lib/commons-logging-1.2.jar, file:/Users/igomes/mdk/build/install/plugins/com.nomagic.datahub.magicdraw/lib/commons-codec-1.9.jar, file:/Users/igomes/mdk/build/install/plugins/com.nomagic.datahub.magicdraw/lib/httpcore-4.4.3.jar, file:/Users/igomes/mdk/build/install/plugins/com.nomagic.datahub.magicdraw/lib/com.nomagic.datahub.httpds_18.5.0.jar, file:/Users/igomes/mdk/build/install/plugins/com.nomagic.datahub.magicdraw/lib/com.nomagic.datahub.hpalm_18.5.0.jar, file:/Users/igomes/mdk/build/install/plugins/com.nomagic.datahub.magicdraw/lib/com.nomagic.datahub.controller_18.5.0.jar, file:/Users/igomes/mdk/build/install/plugins/com.nomagic.datahub.magicdraw/lib/com.nomagic.datahub.magicdraw_18.5.0.jar, file:/Users/igomes/mdk/build/install/plugins/com.nomagic.datahub.magicdraw/lib/com.nomagic.datahub.csv_18.5.0.jar, file:/Users/igomes/mdk/build/install/plugins/com.nomagic.datahub.magicdraw/lib/supercsv-1.52.jar, file:/Users/igomes/mdk/build/install/plugins/com.nomagic.datahub.magicdraw/lib/com.nomagic.datahub.doorsng_18.5.0.jar, file:/Users/igomes/mdk/build/install/plugins/com.nomagic.datahub.magicdraw/lib/jacob-1.14.3.jar, file:/Users/igomes/mdk/build/install/plugins/com.nomagic.datahub.magicdraw/lib/com.nomagic.datahub.doors_18.5.0.jar, file:/Users/igomes/mdk/build/install/plugins/com.nomagic.datahub.magicdraw/lib/com.nomagic.datahub.doorsng.ui.swing_18.5.0.jar, file:/Users/igomes/mdk/build/install/plugins/com.nomagic.datahub.magicdraw/lib/ant-contrib-1.0b3.jar, file:/Users/igomes/mdk/build/install/plugins/com.nomagic.datahub.magicdraw/lib/ant-launcher-1.7.1.jar, file:/Users/igomes/mdk/build/install/plugins/com.nomagic.datahub.magicdraw/lib/ant-nodeps-1.7.1.jar, file:/Users/igomes/mdk/build/install/plugins/com.nomagic.datahub.magicdraw/lib/ant-1.7.1.jar, file:/Users/igomes/mdk/build/install/plugins/com.nomagic.datahub.magicdraw/lib/com.nomagic.datahub.deployer_18.5.0.jar, file:/Users/igomes/mdk/build/install/plugins/com.nomagic.datahub.magicdraw/lib/derby-10.6.1.0.jar, file:/Users/igomes/mdk/build/install/plugins/com.nomagic.datahub.magicdraw/lib/com.nomagic.datahub.migration_18.5.0.jar, file:/Users/igomes/mdk/build/install/plugins/com.nomagic.datahub.magicdraw/lib/h2-1.2.127.jar, file:/Users/igomes/mdk/build/install/plugins/com.nomagic.datahub.magicdraw/Cameo_DataHub_Help.jar]]
2017-05-15 17:07:26,445 [ForkJoinPool.commonPool-worker-5] INFO  PLUGINS - Plugin [ name = AndroMDA, id = com.nomagic.magicdraw.andromdaintegrator, provider = No Magic, version = 1.0, enabled = true, class = com.nomagic.magicdraw.andromdaintegrator.AndroMDAPlugin, ownClassloader = false, requires api = 1.0, requires plugins = [com.nomagic.magicdraw.commonintegrators], runtime = [file:/Users/igomes/mdk/build/install/plugins/com.nomagic.magicdraw.andromdaintegrator/andromdaintegrator_api.jar, file:/Users/igomes/mdk/build/install/plugins/com.nomagic.magicdraw.andromdaintegrator/andromdaintegrator.jar]]
2017-05-15 17:07:26,446 [ForkJoinPool.commonPool-worker-5] INFO  PLUGINS - Plugin [ name = Automaton, id = AutomatonPlugin, provider = No Magic, version = 1.1, enabled = true, class = com.nomagic.magicdraw.automaton.AutomatonPlugin, ownClassloader = false, requires api = 1.0, runtime = [file:/Users/igomes/mdk/build/install/plugins/com.nomagic.magicdraw.automaton/automaton_api.jar, file:/Users/igomes/mdk/build/install/plugins/com.nomagic.magicdraw.automaton/automaton.jar, file:/Users/igomes/mdk/build/install/plugins/com.nomagic.magicdraw.automaton/lib/asm-3.3.jar, file:/Users/igomes/mdk/build/install/plugins/com.nomagic.magicdraw.automaton/engines/js-rhino/rhino-1.7R4-js.jar, file:/Users/igomes/mdk/build/install/plugins/com.nomagic.magicdraw.automaton/engines/js-rhino/rhino-js-engine.jar, file:/Users/igomes/mdk/build/install/plugins/com.nomagic.magicdraw.automaton/engines/js-rhino/rhino-wrapper.jar, file:/Users/igomes/mdk/build/install/plugins/com.nomagic.magicdraw.automaton/engines/beanshell/bsh-2.1.7.jar, file:/Users/igomes/mdk/build/install/plugins/com.nomagic.magicdraw.automaton/engines/groovy-2.0.1/embeddable/groovy-all-2.0.1.jar, file:/Users/igomes/mdk/build/install/plugins/com.nomagic.magicdraw.automaton/engines/jruby-complete-1.7.26.jar, file:/Users/igomes/mdk/build/install/plugins/com.nomagic.magicdraw.automaton/engines/jython/jython.jar, file:/Users/igomes/mdk/build/install/plugins/com.nomagic.magicdraw.automaton/enginedescriptor.xml]]
2017-05-15 17:07:26,446 [ForkJoinPool.commonPool-worker-5] INFO  PLUGINS - Plugin [ name = Bound element name creator, id = com.nomagic.magicdraw.boundElementNameSupport.BoundElementNamePlugin, provider = No Magic, version = 2.0, enabled = true, class = com.nomagic.magicdraw.boundElementNameSupport.BoundElementNamePlugin, ownClassloader = false, requires api = 1.0, runtime = [file:/Users/igomes/mdk/build/install/plugins/com.nomagic.magicdraw.boundElementNameSupport/boundElementNameSupport_api.jar]]
2017-05-15 17:07:26,446 [ForkJoinPool.commonPool-worker-5] INFO  PLUGINS - Plugin [ name = Cameo Business Modeler, id = com.nomagic.magicdraw.cbm, provider = No Magic, version = 18.5 SP1, internalVersion = 1850010, enabled = true, class = com.nomagic.magicdraw.cbm.CBMPlugin, ownClassloader = false, requires api = 1.2, requires plugins = [com.nomagic.magicdraw.migrationframework, com.nomagic.magicdraw.visualization.relationshipmap, com.nomagic.magicdraw.diagramtable, DependencyMatrixPlugin], runtime = [file:/Users/igomes/mdk/build/install/plugins/com.nomagic.magicdraw.cbm/cbm.jar, file:/Users/igomes/mdk/build/install/plugins/com.nomagic.magicdraw.cbm/cbm_api.jar, file:/Users/igomes/mdk/build/install/plugins/com.nomagic.magicdraw.cbm/lib/bpmn20_api.jar, file:/Users/igomes/mdk/build/install/plugins/com.nomagic.magicdraw.cbm/lib/commons-lang-2.6.jar, file:/Users/igomes/mdk/build/install/plugins/com.nomagic.magicdraw.cbm/lib/jbpm/jbpm-bpmn2-5.2.0.Final.jar, file:/Users/igomes/mdk/build/install/plugins/com.nomagic.magicdraw.cbm/lib/jbpm/jbpm-flow-5.2.0.Final.jar, file:/Users/igomes/mdk/build/install/plugins/com.nomagic.magicdraw.cbm/lib/jbpm/jbpm-flow-builder-5.2.0.Final.jar, file:/Users/igomes/mdk/build/install/plugins/com.nomagic.magicdraw.cbm/lib/jbpm/lib/antlr-runtime-3.3.jar, file:/Users/igomes/mdk/build/install/plugins/com.nomagic.magicdraw.cbm/lib/jbpm/lib/drools-compiler-5.3.1.Final.jar, file:/Users/igomes/mdk/build/install/plugins/com.nomagic.magicdraw.cbm/lib/jbpm/lib/drools-core-5.3.1.Final.jar, file:/Users/igomes/mdk/build/install/plugins/com.nomagic.magicdraw.cbm/lib/jbpm/lib/knowledge-api-5.3.1.Final.jar, file:/Users/igomes/mdk/build/install/plugins/com.nomagic.magicdraw.cbm/lib/jbpm/lib/mvel2-2.1.Beta3.jar, file:/Users/igomes/mdk/build/install/plugins/com.nomagic.magicdraw.cbm/lib/xpdl_api.jar]]
2017-05-15 17:07:26,446 [ForkJoinPool.commonPool-worker-5] INFO  PLUGINS - Plugin [ name = Code Engineering, id = com.nomagic.magicdraw.ce, provider = No Magic, version = 1.0, enabled = true, class = com.nomagic.magicdraw.ce.CodeEngineeringPlugin, ownClassloader = false, requires api = 1.2, runtime = [file:/Users/igomes/mdk/build/install/plugins/com.nomagic.magicdraw.codeengineering/codeengineering.jar, file:/Users/igomes/mdk/build/install/plugins/com.nomagic.magicdraw.codeengineering/codeengineering_api.jar, file:/Users/igomes/mdk/build/install/plugins/com.nomagic.magicdraw.codeengineering/lib/antlr_2.7.6.1.jar]]
2017-05-15 17:07:26,446 [ForkJoinPool.commonPool-worker-5] INFO  PLUGINS - Plugin [ name = Content Diagram, id = ContentDiagramPlugin, provider = No Magic, version = 2.0, enabled = true, class = com.nomagic.magicdraw.contentdiagram.ContentDiagramPlugin, ownClassloader = false, requires api = 1.0, runtime = [file:/Users/igomes/mdk/build/install/plugins/com.nomagic.magicdraw.contentdiagram/contentdiagram.jar, file:/Users/igomes/mdk/build/install/plugins/com.nomagic.magicdraw.contentdiagram/contentdiagram_api.jar]]
2017-05-15 17:07:26,446 [ForkJoinPool.commonPool-worker-5] INFO  PLUGINS - Plugin [ name = CORBA IDL patterns and tools, id = com.nomagic.magicdraw.corbaidl, provider = No Magic, version = 2.0, enabled = true, class = com.nomagic.magicdraw.corbaidl.CORBAIDLPlugin, ownClassloader = false, requires api = 1.0, requires plugins = [com.nomagic.magicdraw.ce, com.nomagic.magicdraw.patterns], runtime = [file:/Users/igomes/mdk/build/install/plugins/com.nomagic.magicdraw.corbaidl/corbaidl.jar, file:/Users/igomes/mdk/build/install/plugins/com.nomagic.magicdraw.corbaidl/corbaidl_api.jar]]
2017-05-15 17:07:26,447 [ForkJoinPool.commonPool-worker-5] INFO  PLUGINS - Plugin [ name = Abstract MagicDraw integrator with other applications, id = com.nomagic.magicdraw.commonintegrators, provider = No Magic, version = 1.0, enabled = true, class = com.nomagic.magicdraw.commonintegrators.AbstractIntegratorPlugin, ownClassloader = false, requires api = 1.0, runtime = [file:/Users/igomes/mdk/build/install/plugins/com.nomagic.magicdraw.coreintegrator/coreintegrator.jar, file:/Users/igomes/mdk/build/install/plugins/com.nomagic.magicdraw.coreintegrator/coreintegrator_api.jar, file:/Users/igomes/mdk/build/install/plugins/com.nomagic.magicdraw.coreintegrator/lib/coreintegrator_util.jar]]
2017-05-15 17:07:26,447 [ForkJoinPool.commonPool-worker-5] INFO  PLUGINS - Plugin [ name = Dependency Matrix, id = DependencyMatrixPlugin, provider = No Magic, version = 2.0, enabled = true, class = com.nomagic.magicdraw.dependencymatrix.plugin.DependencyMatrixPlugin, ownClassloader = false, requires api = 1.0, runtime = [file:/Users/igomes/mdk/build/install/plugins/com.nomagic.magicdraw.dependencymatrix/dependencymatrix.jar, file:/Users/igomes/mdk/build/install/plugins/com.nomagic.magicdraw.dependencymatrix/dependencymatrix_api.jar]]
2017-05-15 17:07:26,447 [ForkJoinPool.commonPool-worker-5] INFO  PLUGINS - Plugin [ name = Diagram Table, id = com.nomagic.magicdraw.diagramtable, provider = No Magic, version = 1.0, enabled = true, class = com.nomagic.diagramtable.DiagramTablePlugin, ownClassloader = false, requires api = 1.0, runtime = [file:/Users/igomes/mdk/build/install/plugins/com.nomagic.magicdraw.diagramtable/diagramtable.jar, file:/Users/igomes/mdk/build/install/plugins/com.nomagic.magicdraw.diagramtable/diagramtable_api.jar, file:/Users/igomes/mdk/build/install/plugins/com.nomagic.magicdraw.diagramtable/lib/commons-lang3-3.4.jar]]
2017-05-15 17:07:26,447 [ForkJoinPool.commonPool-worker-5] INFO  PLUGINS - Plugin [ name = Enterprise Architect Import, id = com.nomagic.magicdraw.ea, provider = No Magic, version = 18.1, internalVersion = 1810010, enabled = true, class = com.nomagic.magicdraw.ea.EaPlugin, ownClassloader = false, class-lookup = GlobalFirst, requires api = 1.0, runtime = [file:/Users/igomes/mdk/build/install/plugins/com.nomagic.magicdraw.ea/eaimport.jar, file:/Users/igomes/mdk/build/install/plugins/com.nomagic.magicdraw.ea/eaimport_api.jar, file:/Users/igomes/mdk/build/install/plugins/com.nomagic.magicdraw.ea/lib/saxon9/saxon9-dom.jar, file:/Users/igomes/mdk/build/install/plugins/com.nomagic.magicdraw.ea/lib/saxon9/saxon9.jar]]
2017-05-15 17:07:26,447 [ForkJoinPool.commonPool-worker-5] INFO  PLUGINS - Plugin [ name = Eclipse integrator, id = com.nomagic.magicdraw.eclipseintegrator, provider = No Magic, version = 1.0, enabled = true, class = com.nomagic.magicdraw.eclipseintegrator.EclipseIntegratorPlugin, ownClassloader = false, requires api = 1.0, requires plugins = [com.nomagic.magicdraw.ce, com.nomagic.magicdraw.commonintegrators], runtime = [file:/Users/igomes/mdk/build/install/plugins/com.nomagic.magicdraw.eclipseintegrator/eclipseintegrator_api.jar]]
2017-05-15 17:07:26,447 [ForkJoinPool.commonPool-worker-5] INFO  PLUGINS - Plugin [ name = Eclipse OCL plugin, id = com.nomagic.magicdraw.eclipseocl, provider = No Magic, version = 1.0, enabled = true, class = com.nomagic.magicdraw.eclipseocl.EclipseOclPlugin, ownClassloader = true, class-lookup = GlobalFirst, requires api = 1.0, runtime = [file:/Users/igomes/mdk/build/install/plugins/com.nomagic.magicdraw.eclipseocl/eclipseocl.jar, file:/Users/igomes/mdk/build/install/plugins/com.nomagic.magicdraw.eclipseocl/eclipseocl_api.jar, file:/Users/igomes/mdk/build/install/plugins/com.nomagic.magicdraw.eclipseocl/lib/lpg.runtime.java_2.0.17.v201004271640.jar, file:/Users/igomes/mdk/build/install/plugins/com.nomagic.magicdraw.eclipseocl/lib/org.eclipse.ocl.common_1.4.100.v20160613-1351.jar, file:/Users/igomes/mdk/build/install/plugins/com.nomagic.magicdraw.eclipseocl/lib/org.eclipse.ocl.ecore_3.6.100.v20160613-1351.jar, file:/Users/igomes/mdk/build/install/plugins/com.nomagic.magicdraw.eclipseocl/lib/org.eclipse.ocl_3.6.100.v20160613-1351.jar]]
2017-05-15 17:07:26,447 [ForkJoinPool.commonPool-worker-5] INFO  PLUGINS - Plugin [ name = ECore Export, id = com.nomagic.magicdraw.ecore, provider = No Magic, version = 1.0, enabled = true, class = com.nomagic.magicdraw.ecore.ECorePlugin, ownClassloader = true, class-lookup = GlobalFirst, requires api = 1.2, runtime = [file:/Users/igomes/mdk/build/install/plugins/com.nomagic.magicdraw.ecore/ecore.jar, file:/Users/igomes/mdk/build/install/plugins/com.nomagic.magicdraw.ecore/ecore_api.jar]]
2017-05-15 17:07:26,447 [ForkJoinPool.commonPool-worker-5] INFO  PLUGINS - Plugin [ name = Eclipse UML2 (v2.x) XMI Export/Import, id = com.nomagic.magicdraw.emfuml2xmi.v2, provider = No Magic, version = 3.1, enabled = true, class = com.nomagic.magicdraw.emfuml2xmi.v2.EmfUml2XmiPlugin, ownClassloader = true, class-lookup = GlobalFirst, requires api = null, runtime = [file:/Users/igomes/mdk/build/install/plugins/com.nomagic.magicdraw.emfuml2xmi_v2/emfuml2xmi_common.jar, file:/Users/igomes/mdk/build/install/plugins/com.nomagic.magicdraw.emfuml2xmi_v2/emfuml2xmi_common_api.jar, file:/Users/igomes/mdk/build/install/plugins/com.nomagic.magicdraw.emfuml2xmi_v2/emfuml2xmi_v2.jar, file:/Users/igomes/mdk/build/install/plugins/com.nomagic.magicdraw.emfuml2xmi_v2/emfuml2xmi_v2_api.jar, file:/Users/igomes/mdk/build/install/plugins/com.nomagic.magicdraw.emfuml2xmi_v2/lib/emf/org.eclipse.emf.common_2.2.1.jar, file:/Users/igomes/mdk/build/install/plugins/com.nomagic.magicdraw.emfuml2xmi_v2/lib/emf/org.eclipse.emf.ecore.xmi_2.2.3.jar, file:/Users/igomes/mdk/build/install/plugins/com.nomagic.magicdraw.emfuml2xmi_v2/lib/emf/org.eclipse.emf.ecore_2.2.3.jar, file:/Users/igomes/mdk/build/install/plugins/com.nomagic.magicdraw.emfuml2xmi_v2/lib/uml2/org.eclipse.uml2.common_1.2.4.jar, file:/Users/igomes/mdk/build/install/plugins/com.nomagic.magicdraw.emfuml2xmi_v2/lib/uml2/org.eclipse.uml2.uml_2.0.4.jar]]
2017-05-15 17:07:26,448 [ForkJoinPool.commonPool-worker-5] INFO  PLUGINS - Plugin [ name = Eclipse UML2 (v3.x) XMI Export/Import, id = com.nomagic.magicdraw.emfuml2xmi.v3, provider = No Magic, version = 1.0, enabled = true, class = com.nomagic.magicdraw.emfuml2xmi.v3.EmfUml2XmiPlugin, ownClassloader = true, class-lookup = GlobalFirst, requires api = null, runtime = [file:/Users/igomes/mdk/build/install/plugins/com.nomagic.magicdraw.emfuml2xmi_v3/emfuml2xmi_common.jar, file:/Users/igomes/mdk/build/install/plugins/com.nomagic.magicdraw.emfuml2xmi_v3/emfuml2xmi_common_api.jar, file:/Users/igomes/mdk/build/install/plugins/com.nomagic.magicdraw.emfuml2xmi_v3/emfuml2xmi_v3.jar, file:/Users/igomes/mdk/build/install/plugins/com.nomagic.magicdraw.emfuml2xmi_v3/emfuml2xmi_v3_api.jar, file:/Users/igomes/mdk/build/install/plugins/com.nomagic.magicdraw.emfuml2xmi_v3/lib/uml2/org.eclipse.uml2.uml_3.0.1.jar]]
2017-05-15 17:07:26,448 [ForkJoinPool.commonPool-worker-5] INFO  PLUGINS - Plugin [ name = Eclipse UML2 (v4.x) XMI Export/Import, id = com.nomagic.magicdraw.emfuml2xmi.v4, provider = No Magic, version = 1.0, enabled = true, class = com.nomagic.magicdraw.emfuml2xmi.v4.EmfUml2XmiPlugin, ownClassloader = true, class-lookup = GlobalFirst, requires api = null, runtime = [file:/Users/igomes/mdk/build/install/plugins/com.nomagic.magicdraw.emfuml2xmi_v4/emfuml2xmi_common.jar, file:/Users/igomes/mdk/build/install/plugins/com.nomagic.magicdraw.emfuml2xmi_v4/emfuml2xmi_common_api.jar, file:/Users/igomes/mdk/build/install/plugins/com.nomagic.magicdraw.emfuml2xmi_v4/emfuml2xmi_v4.jar, file:/Users/igomes/mdk/build/install/plugins/com.nomagic.magicdraw.emfuml2xmi_v4/emfuml2xmi_v4_api.jar, file:/Users/igomes/mdk/build/install/plugins/com.nomagic.magicdraw.emfuml2xmi_v4/lib/emf/org.eclipse.emf.common_2.8.0.jar, file:/Users/igomes/mdk/build/install/plugins/com.nomagic.magicdraw.emfuml2xmi_v4/lib/emf/org.eclipse.emf.ecore.xmi_2.8.0.jar, file:/Users/igomes/mdk/build/install/plugins/com.nomagic.magicdraw.emfuml2xmi_v4/lib/emf/org.eclipse.emf.ecore_2.8.1.jar, file:/Users/igomes/mdk/build/install/plugins/com.nomagic.magicdraw.emfuml2xmi_v4/lib/uml2/org.eclipse.uml2.common_1.7.0.jar, file:/Users/igomes/mdk/build/install/plugins/com.nomagic.magicdraw.emfuml2xmi_v4/lib/uml2/org.eclipse.uml2.types_1.0.0.jar, file:/Users/igomes/mdk/build/install/plugins/com.nomagic.magicdraw.emfuml2xmi_v4/lib/uml2/org.eclipse.uml2.uml.profile.l2_1.0.1.jar, file:/Users/igomes/mdk/build/install/plugins/com.nomagic.magicdraw.emfuml2xmi_v4/lib/uml2/org.eclipse.uml2.uml.profile.l3_1.0.1.jar, file:/Users/igomes/mdk/build/install/plugins/com.nomagic.magicdraw.emfuml2xmi_v4/lib/uml2/org.eclipse.uml2.uml_4.0.1.jar]]
2017-05-15 17:07:26,448 [ForkJoinPool.commonPool-worker-5] INFO  PLUGINS - Plugin [ name = Eclipse UML2 (v5.x) XMI Export/Import, id = com.nomagic.magicdraw.emfuml2xmi.v5, provider = No Magic, version = 1.0, enabled = true, class = com.nomagic.magicdraw.emfuml2xmi.v5.EmfUml2XmiPlugin, ownClassloader = true, class-lookup = GlobalFirst, requires api = null, runtime = [file:/Users/igomes/mdk/build/install/plugins/com.nomagic.magicdraw.emfuml2xmi_v5/emfuml2xmi_common.jar, file:/Users/igomes/mdk/build/install/plugins/com.nomagic.magicdraw.emfuml2xmi_v5/emfuml2xmi_common_api.jar, file:/Users/igomes/mdk/build/install/plugins/com.nomagic.magicdraw.emfuml2xmi_v5/emfuml2xmi_v5.jar, file:/Users/igomes/mdk/build/install/plugins/com.nomagic.magicdraw.emfuml2xmi_v5/emfuml2xmi_v5_api.jar, file:/Users/igomes/mdk/build/install/plugins/com.nomagic.magicdraw.emfuml2xmi_v5/lib/emf/org.eclipse.emf.common_2.10.1.jar, file:/Users/igomes/mdk/build/install/plugins/com.nomagic.magicdraw.emfuml2xmi_v5/lib/emf/org.eclipse.emf.ecore.xmi_2.10.2.jar, file:/Users/igomes/mdk/build/install/plugins/com.nomagic.magicdraw.emfuml2xmi_v5/lib/emf/org.eclipse.emf.ecore_2.10.2.jar, file:/Users/igomes/mdk/build/install/plugins/com.nomagic.magicdraw.emfuml2xmi_v5/lib/uml2/org.eclipse.uml2.common_2.0.1.jar, file:/Users/igomes/mdk/build/install/plugins/com.nomagic.magicdraw.emfuml2xmi_v5/lib/uml2/org.eclipse.uml2.types_2.0.0.jar, file:/Users/igomes/mdk/build/install/plugins/com.nomagic.magicdraw.emfuml2xmi_v5/lib/uml2/org.eclipse.uml2.uml.profile.standard_1.0.0.jar, file:/Users/igomes/mdk/build/install/plugins/com.nomagic.magicdraw.emfuml2xmi_v5/lib/uml2/org.eclipse.uml2.uml_5.0.2.jar]]
2017-05-15 17:07:26,448 [ForkJoinPool.commonPool-worker-5] INFO  PLUGINS - Plugin [ name = Excel Import, id = com.nomagic.magicdraw.excelimport, provider = No Magic, version = 18.5, internalVersion = 1850010, enabled = true, class = com.nomagic.magicdraw.excelimport.ExcelImportPlugin, ownClassloader = true, class-lookup = LocalFirst, requires api = 1.0, runtime = [file:/Users/igomes/mdk/build/install/plugins/com.nomagic.magicdraw.excelimport/excel_import_api.jar, file:/Users/igomes/mdk/build/install/plugins/com.nomagic.magicdraw.excelimport/excel_import.jar, file:/Users/igomes/mdk/build/install/plugins/com.nomagic.magicdraw.excelimport/lib/datahub.jar, file:/Users/igomes/mdk/build/install/plugins/com.nomagic.magicdraw.excelimport/lib/dom4j-1.6.1.jar, file:/Users/igomes/mdk/build/install/plugins/com.nomagic.magicdraw.excelimport/lib/poi-3.12.jar, file:/Users/igomes/mdk/build/install/plugins/com.nomagic.magicdraw.excelimport/lib/poi-ooxml-3.12.jar, file:/Users/igomes/mdk/build/install/plugins/com.nomagic.magicdraw.excelimport/lib/poi-ooxml-schemas-3.12.jar, file:/Users/igomes/mdk/build/install/plugins/com.nomagic.magicdraw.excelimport/lib/supercsv-1.52.jar, file:/Users/igomes/mdk/build/install/plugins/com.nomagic.magicdraw.excelimport/lib/xmlbeans-2.6.0.jar]]
2017-05-15 17:07:26,448 [ForkJoinPool.commonPool-worker-5] INFO  PLUGINS - Plugin [ name = File Attachments, id = com.nomagic.magicdraw.fileattachments, provider = No Magic, version = 1.0, enabled = true, class = com.nomagic.magicdraw.fileattachments.FileAttachmentsPlugin, ownClassloader = false, requires api = 1.0, runtime = [file:/Users/igomes/mdk/build/install/plugins/com.nomagic.magicdraw.fileattachments/fileattachments.jar, file:/Users/igomes/mdk/build/install/plugins/com.nomagic.magicdraw.fileattachments/fileattachments_api.jar]]
2017-05-15 17:07:26,448 [ForkJoinPool.commonPool-worker-5] INFO  PLUGINS - Plugin [ name = File Attachments Merge, id = com.nomagic.magicdraw.fileattachmentsmerge, provider = No Magic, version = 1.0, enabled = true, class = com.nomagic.magicdraw.fileattachments.merge.FileAttachmentsMergePlugin, ownClassloader = false, requires api = 1.0, requires plugins = [com.nomagic.magicdraw.fileattachments, com.nomagic.magicdraw.merge], runtime = [file:/Users/igomes/mdk/build/install/plugins/com.nomagic.magicdraw.fileattachmentsmerge/fileattachmentsmerge.jar, file:/Users/igomes/mdk/build/install/plugins/com.nomagic.magicdraw.fileattachmentsmerge/fileattachmentsmerge_api.jar]]
[...]
2017-05-15 17:07:26,452 [ForkJoinPool.commonPool-worker-5] INFO  PLUGINS - Plugin [ name = Model Development Kit, id = gov.nasa.jpl.mbee.mdk, provider = NASA / Jet Propulsion Laboratory / Caltech, version = 3.0.0-rc5-SNAPSHOT, internalVersion = 1494893207, enabled = true, class = gov.nasa.jpl.mbee.mdk.MDKPlugin, ownClassloader = false, requires api = 1.0, runtime = [file:/Users/igomes/mdk/build/install/plugins/gov.nasa.jpl.cae.magicdraw.mdk/activemq-all-5.9.1.jar, file:/Users/igomes/mdk/build/install/plugins/gov.nasa.jpl.cae.magicdraw.mdk/btf-1.2.jar, file:/Users/igomes/mdk/build/install/plugins/gov.nasa.jpl.cae.magicdraw.mdk/commons-codec-1.9.jar, file:/Users/igomes/mdk/build/install/plugins/gov.nasa.jpl.cae.magicdraw.mdk/commons-io-1.3.2.jar, file:/Users/igomes/mdk/build/install/plugins/gov.nasa.jpl.cae.magicdraw.mdk/commons-logging-1.2.jar, file:/Users/igomes/mdk/build/install/plugins/gov.nasa.jpl.cae.magicdraw.mdk/guava-16.0.1.jar, file:/Users/igomes/mdk/build/install/plugins/gov.nasa.jpl.cae.magicdraw.mdk/httpclient-4.5.2.jar, file:/Users/igomes/mdk/build/install/plugins/gov.nasa.jpl.cae.magicdraw.mdk/httpcore-4.4.4.jar, file:/Users/igomes/mdk/build/install/plugins/gov.nasa.jpl.cae.magicdraw.mdk/httpmime-4.5.2.jar, file:/Users/igomes/mdk/build/install/plugins/gov.nasa.jpl.cae.magicdraw.mdk/jackson-annotations-2.8.0.jar, file:/Users/igomes/mdk/build/install/plugins/gov.nasa.jpl.cae.magicdraw.mdk/jackson-core-2.8.3.jar, file:/Users/igomes/mdk/build/install/plugins/gov.nasa.jpl.cae.magicdraw.mdk/jackson-coreutils-1.6.jar, file:/Users/igomes/mdk/build/install/plugins/gov.nasa.jpl.cae.magicdraw.mdk/jackson-databind-2.8.3.jar, file:/Users/igomes/mdk/build/install/plugins/gov.nasa.jpl.cae.magicdraw.mdk/jgrapht-0.8.3.jar, file:/Users/igomes/mdk/build/install/plugins/gov.nasa.jpl.cae.magicdraw.mdk/json-patch-1.13.jar, file:/Users/igomes/mdk/build/install/plugins/gov.nasa.jpl.cae.magicdraw.mdk/json-simple-1.1.jar, file:/Users/igomes/mdk/build/install/plugins/gov.nasa.jpl.cae.magicdraw.mdk/jsoup-1.6.1.jar, file:/Users/igomes/mdk/build/install/plugins/gov.nasa.jpl.cae.magicdraw.mdk/jsr305-2.0.1.jar, file:/Users/igomes/mdk/build/install/plugins/gov.nasa.jpl.cae.magicdraw.mdk/log4j-1.2.17.jar, file:/Users/igomes/mdk/build/install/plugins/gov.nasa.jpl.cae.magicdraw.mdk/lpg.runtime.java_2.0.17.v201004271640.jar, file:/Users/igomes/mdk/build/install/plugins/gov.nasa.jpl.cae.magicdraw.mdk/mdk-3.0.0-rc5-SNAPSHOT.jar, file:/Users/igomes/mdk/build/install/plugins/gov.nasa.jpl.cae.magicdraw.mdk/msg-simple-1.1.jar, file:/Users/igomes/mdk/build/install/plugins/gov.nasa.jpl.cae.magicdraw.mdk/opencsv-2.3.jar, file:/Users/igomes/mdk/build/install/plugins/gov.nasa.jpl.cae.magicdraw.mdk/org.eclipse.ocl.common.ui_1.3.100.v20160613-1351.jar, file:/Users/igomes/mdk/build/install/plugins/gov.nasa.jpl.cae.magicdraw.mdk/org.eclipse.ocl.common_1.4.100.v20160613-1351.jar, file:/Users/igomes/mdk/build/install/plugins/gov.nasa.jpl.cae.magicdraw.mdk/org.eclipse.ocl.ecore_3.6.100.v20160613-1351.jar, file:/Users/igomes/mdk/build/install/plugins/gov.nasa.jpl.cae.magicdraw.mdk/org.eclipse.ocl_3.6.100.v20160613-1351.jar, file:/Users/igomes/mdk/build/install/plugins/gov.nasa.jpl.cae.magicdraw.mdk/slf4j-api-1.7.2.jar, file:/Users/igomes/mdk/build/install/plugins/gov.nasa.jpl.cae.magicdraw.mdk/slf4j-log4j12-1.7.2.jar, file:/Users/igomes/mdk/build/install/plugins/gov.nasa.jpl.cae.magicdraw.mdk/swingx-all-1.6.4.jar]]
2017-05-15 17:07:26,453 [Test worker] INFO  PLUGINS - PLUGINS LOADED.
2017-05-15 17:07:26,621 [AWT-EventQueue-0] WARN  GENERAL - TRYING TO DISPLAY "MagicDraw License Agreement" DIALOG IN SILENT MODE.
2017-05-15 17:07:26,633 [Test worker] INFO  FLOATING - FLManager. Connecting to license server.
2017-05-15 17:07:26,633 [Test worker] INFO  FLOATING - FLManager. version : 18.5
2017-05-15 17:07:26,633 [Test worker] INFO  FLOATING - FLManager. Creating floating license client.
2017-05-15 17:07:26,635 [Test worker] INFO  FLOATING - Creating floating client: 1101@cae-lic04.jpl.nasa.gov
2017-05-15 17:07:26,656 [pool-MagicDraw-thread-1:FLEXnet License Server Connection] INFO  FLOATING - FLManager. Stopping active client...
2017-05-15 17:07:26,657 [pool-MagicDraw-thread-1:FLEXnet License Server Connection] INFO  FLOATING - Client: Stop the timer.
2017-05-15 17:07:26,657 [pool-MagicDraw-thread-1:FLEXnet License Server Connection] INFO  FLOATING - FLManager. Active client stopped - OK.
2017-05-15 17:07:26,671 [Test worker] INFO  FLOATING - FLManager. Connecting to the server: cae-lic04.jpl.nasa.gov 1101
2017-05-15 17:07:26,671 [Test worker] INFO  FLOATING - Creating floating client: 1101@cae-lic04.jpl.nasa.gov
2017-05-15 17:07:30,591 [Test worker] INFO  FLOATING - FLManager. Exiting 'connect to license server'.
Version Info: 18.5 SP1 Enterprise Commercial Floating
2017-05-15 17:07:31,445 [Test worker] WARN  GUI - NO ICON FOR: group=buttons name=import
2017-05-15 17:07:32,121 [Test worker] INFO  GUI - Loading diagrams 338 ms - Static Diagram
2017-05-15 17:07:32,121 [Test worker] INFO  GUI - Loading diagrams 276 ms - Requirement Diagram
2017-05-15 17:07:32,121 [Test worker] INFO  GUI - Loading diagrams 273 ms - Package Diagram
2017-05-15 17:07:32,121 [Test worker] INFO  GUI - Loading diagrams 269 ms - Business Motivation Diagram
2017-05-15 17:07:32,121 [Test worker] INFO  GUI - Loading diagrams 266 ms - Object Diagram
2017-05-15 17:07:32,658 [Test worker] INFO  PLUGINS - CREATING PLUGINS...
2017-05-15 17:07:32,815 [Test worker] INFO  PLUGINS - Created: Mathematica Engine
2017-05-15 17:07:32,823 [Test worker] INFO  PLUGINS - Created: Code Engineering
2017-05-15 17:07:32,828 [Test worker] INFO  PLUGINS - Created: Html Diff
2017-05-15 17:07:32,830 [Test worker] INFO  PLUGINS - Created: Open Modelica Engine
2017-05-15 17:07:32,834 [Test worker] INFO  PLUGINS - Created: Eclipse OCL plugin
2017-05-15 17:07:32,838 [Test worker] INFO  PLUGINS - Created: Projects and Modules Map
2017-05-15 17:07:32,840 [Test worker] INFO  PLUGINS - Created: Maple Engine
2017-05-15 17:07:32,845 [Test worker] INFO  PLUGINS - Created: MOF Export/Import
2017-05-15 17:07:32,856 [Test worker] INFO  PLUGINS - Created: CORBA IDL patterns and tools
2017-05-15 17:07:32,862 [Test worker] INFO  PLUGINS - Created: Eclipse integrator
2017-05-15 17:07:32,943 [Test worker] INFO  PLUGINS - Created: Project Merge (build:20170426_0638-490c6324)
2017-05-15 17:07:32,951 [Test worker] INFO  PLUGINS - Created: Report Wizard
2017-05-15 17:07:32,969 [Test worker] INFO  PLUGINS - Created: Cameo Business Modeler (build:20170426_1151-2caf912c)
2017-05-15 17:07:32,970 [Test worker] INFO  PLUGINS - Created: Web report plugin
2017-05-15 17:07:32,974 [Test worker] INFO  PLUGINS - Created: Content Diagram
2017-05-15 17:07:32,976 [Test worker] INFO  PLUGINS - Created: Use Case descriptions extensions used for modeling use cases and generating reports for them.
2017-05-15 17:07:32,978 [Test worker] INFO  PLUGINS - Created: User Interface Modeling
2017-05-15 17:07:32,979 [Test worker] INFO  PLUGINS - Created: ModelTransformations
2017-05-15 17:07:32,984 [Test worker] INFO  PLUGINS - Created: Dependency Matrix
2017-05-15 17:07:32,986 [Test worker] INFO  PLUGINS - Created: Metrics (Obsolete)
2017-05-15 17:07:32,993 [Test worker] INFO  PLUGINS - Created: Cameo Requirements Modeler (build:20170426_1031-2caf912c)
2017-05-15 17:07:32,996 [Test worker] INFO  PLUGINS - Created: WSDL patterns and tools
2017-05-15 17:07:33,002 [Test worker] INFO  PLUGINS - Created: Report Attachments
2017-05-15 17:07:33,003 [Test worker] INFO  PLUGINS - Created: Suspect Links
2017-05-15 17:07:33,004 [Test worker] INFO  PLUGINS - Created: Generic model transformation
2017-05-15 17:07:33,017 [Test worker] INFO  PLUGINS - Created: Cameo Simulation Toolkit (build:20170418_0343-52c8d86e)
2017-05-15 17:07:33,057 [Test worker] INFO  PLUGINS - Created: Cameo DataHub (build:2017 02 16 23:05 (79117))
2017-05-15 17:07:33,062 [Test worker] INFO  PLUGINS - Created: File Attachments
2017-05-15 17:07:33,076 [Test worker] INFO  PLUGINS - Created: Excel Import
2017-05-15 17:07:33,077 [Test worker] INFO  PLUGINS - Created: Model Development Kit
2017-05-15 17:07:33,078 [Test worker] INFO  PLUGINS - Created: Model migration framework
2017-05-15 17:07:33,079 [Test worker] INFO  PLUGINS - Created: JPython interpreter
2017-05-15 17:07:33,083 [Test worker] INFO  PLUGINS - Created: Parametrics Engine
2017-05-15 17:07:33,084 [Test worker] INFO  PLUGINS - Created: Robustness diagram tools
2017-05-15 17:07:33,086 [Test worker] INFO  PLUGINS - Created: SCXML Engine
2017-05-15 17:07:33,088 [Test worker] INFO  PLUGINS - Created: Software Engineering Portal
2017-05-15 17:07:33,175 [Test worker] INFO  PLUGINS - Created: Syndeia MagicDraw
2017-05-15 17:07:33,177 [Test worker] INFO  PLUGINS - Created: Matlab Engine
2017-05-15 17:07:33,179 [Test worker] INFO  PLUGINS - Created: Enterprise Architect Import
2017-05-15 17:07:33,187 [Test worker] INFO  PLUGINS - Created: Automaton
2017-05-15 17:07:33,189 [Test worker] INFO  PLUGINS - Created: Bound element name creator
2017-05-15 17:07:33,192 [Test worker] INFO  PLUGINS - Created: Image Library
2017-05-15 17:07:33,202 [Test worker] INFO  PLUGINS - Created: Paste
2017-05-15 17:07:33,205 [Test worker] INFO  PLUGINS - Created: Up-Sell
2017-05-15 17:07:33,207 [Test worker] INFO  PLUGINS - Created: Glossary
2017-05-15 17:07:33,208 [Test worker] INFO  PLUGINS - Created: ECore Export
2017-05-15 17:07:33,211 [Test worker] INFO  PLUGINS - Created: Sequence Diagram Generation from Java Source
2017-05-15 17:07:33,212 [Test worker] INFO  PLUGINS - Created: Metrics
2017-05-15 17:07:33,214 [Test worker] INFO  PLUGINS - Created: AndroMDA
2017-05-15 17:07:33,215 [Test worker] INFO  PLUGINS - Not supported: Copy diagram as image to Win32 clipboard
2017-05-15 17:07:33,217 [Test worker] INFO  PLUGINS - Created: Usages and Dependencies plugin
2017-05-15 17:07:33,218 [Test worker] INFO  PLUGINS - Created: Prefuse Toolkit
2017-05-15 17:07:33,220 [Test worker] INFO  PLUGINS - Created: SysML (build:20170426_1152-2caf912c)
2017-05-15 17:07:33,222 [Test worker] INFO  PLUGINS - Created: oAW Integrator
2017-05-15 17:07:33,229 [Test worker] INFO  PLUGINS - Created: Relation Map
2017-05-15 17:07:33,231 [Test worker] INFO  PLUGINS - Created: Abstract MagicDraw integrator with other applications
2017-05-15 17:07:33,241 [Test worker] INFO  PLUGINS - Created: Diagram Table
2017-05-15 17:07:33,242 [Test worker] INFO  PLUGINS - Created: MacOSXextensions
2017-05-15 17:07:33,243 [Test worker] INFO  PLUGINS - Created: Document Modeling
2017-05-15 17:07:33,261 [Test worker] INFO  PLUGINS - Created: Eclipse UML2 (v4.x) XMI Export/Import
2017-05-15 17:07:33,262 [Test worker] INFO  PLUGINS - Created: Reverse from classpath (in browser)
2017-05-15 17:07:33,281 [Test worker] INFO  PLUGINS - Created: Eclipse UML2 (v5.x) XMI Export/Import
2017-05-15 17:07:33,285 [Test worker] INFO  PLUGINS - Created: File Attachments Merge
2017-05-15 17:07:33,286 [Test worker] INFO  PLUGINS - Created: Gantt Chart Diagram
2017-05-15 17:07:33,304 [Test worker] INFO  PLUGINS - Created: Eclipse UML2 (v2.x) XMI Export/Import
2017-05-15 17:07:33,321 [Test worker] INFO  PLUGINS - Created: Eclipse UML2 (v3.x) XMI Export/Import
2017-05-15 17:07:33,333 [Test worker] INFO  PLUGINS - Created: Patterns
2017-05-15 17:07:33,334 [Test worker] INFO  PLUGINS - Created: Web UML diagram tools
2017-05-15 17:07:33,335 [Test worker] INFO  PLUGINS - Created: Project Composition Validation Rules
2017-05-15 17:07:33,335 [Test worker] INFO  PLUGINS - PLUGINS CREATED.
2017-05-15 17:07:33,336 [Test worker] INFO  PLUGINS - STARTING PLUGINS...
2017-05-15 17:07:35,049 [Test worker] WARN  GUI - NO ICON FOR: group=options name=SIMULATION_OPTIONS_GROUP
2017-05-15 17:07:35,330 [Test worker] WARN  GUI - NO ICON FOR: group=options name=CODE_ENGINEERING
2017-05-15 17:07:35,413 [Test worker] INFO  GENERAL - Open Modelica Home = null
2017-05-15 17:07:35,413 [Test worker] INFO  GENERAL - Open Modelica Lib = null
2017-05-15 17:07:35,413 [Test worker] INFO  GENERAL - DYLD_LIBRARY_PATH = null
2017-05-15 17:07:35,449 [Test worker] INFO  GENERAL - Cannot find Maple Application.
2017-05-15 17:07:35,510 [Test worker] WARN  GUI - NO ICON FOR: group=options name=REPORT_WIZARD_OPTIONS_GROUP
2017-05-15 17:07:35,526 [Test worker] INFO  REPORTS - Loading template from /Users/igomes/.magicdraw-test/18.5/data/reports
2017-05-15 17:07:39,090 [Test worker] INFO  com.nomagic.datahub.tools.httpds.HttpDsClient - Set datahub.hpalm.debug to false
2017-05-15 17:07:39,091 [Test worker] INFO  com.nomagic.datahub.tools.httpds.HttpDsClient - Set datahub.hpalm.max_connection to 5
2017-05-15 17:07:39,091 [Test worker] INFO  com.nomagic.datahub.tools.httpds.HttpDsClient - Set datahub.hpalm.max_worker to 16
2017-05-15 17:07:39,093 [Test worker] INFO  com.nomagic.datahub.tools.httpds.HttpDsClient - Set datahub.hpalm.defect_page_size to 0
2017-05-15 17:07:39,093 [Test worker] INFO  com.nomagic.datahub.tools.magicdraw.CameoDataHubPlugin - Register plugin com.nomagic.datahub.tools.hpalm.HpAlmPlugin type C1_DRIVERS
2017-05-15 17:07:39,094 [Test worker] INFO  com.nomagic.datahub.tools.magicdraw.CameoDataHubPlugin - Register plugin com.nomagic.datahub.tools.magicdraw.dh185gaa.dh185gac.dh185gag type C1_DRIVERS
2017-05-15 17:07:39,096 [Test worker] INFO  com.nomagic.datahub.tools.magicdraw.CameoDataHubPlugin - Register plugin com.nomagic.datahub.tools.csv.CSVAdapterHost type C1_DRIVERS
2017-05-15 17:07:39,101 [Test worker] INFO  com.nomagic.datahub.tools.httpds.HttpDsClient - Set datahub.doorsng.debug to false
2017-05-15 17:07:39,101 [Test worker] INFO  com.nomagic.datahub.tools.httpds.HttpDsClient - Set datahub.doorsng.max_connection to 5
2017-05-15 17:07:39,101 [Test worker] INFO  com.nomagic.datahub.tools.httpds.HttpDsClient - Set datahub.doorsng.max_worker to 16
2017-05-15 17:07:39,103 [Test worker] INFO  com.nomagic.datahub.tools.httpds.HttpDsClient - Set datahub.doorsng.skip_burst_read to false
2017-05-15 17:07:39,103 [Test worker] INFO  com.nomagic.datahub.tools.magicdraw.CameoDataHubPlugin - Register plugin com.nomagic.datahub.tools.doorsng.DngPlugin type C1_DRIVERS
2017-05-15 17:07:39,104 [Test worker] INFO  com.nomagic.datahub.tools.magicdraw.CameoDataHubPlugin - Register plugin com.nomagic.datahub.tools.doors.DoorsPlugin type C1_DRIVERS
2017-05-15 17:07:39,106 [Test worker] INFO  com.nomagic.datahub.tools.magicdraw.CameoDataHubPlugin - Register plugin com.nomagic.datahub.tools.doorsng.DngUIPlugin type C2_UI
2017-05-15 17:07:39,106 [Test worker] INFO  com.nomagic.datahub.tools.magicdraw.CameoDataHubPlugin - Register plugin com.nomagic.datahub.deployer.DeployerActivator type C2_UI
2017-05-15 17:07:39,107 [Test worker] INFO  com.nomagic.datahub.tools.magicdraw.CameoDataHubPlugin - Register plugin com.nomagic.datahub.migration.MigrationActivator type C2_UI
2017-05-15 17:07:39,116 [Test worker] INFO  com.nomagic.datahub.tools.magicdraw.CameoDataHubPlugin - Found ITransportServiceProvider: com.nomagic.datahub.transport.intravm.IntraVMTransportProvider
2017-05-15 17:07:39,118 [Test worker] INFO  com.nomagic.datahub.service.ServiceRegistry - Initialize DataHub services for MagicDraw, id = MagicDraw
2017-05-15 17:07:39,217 [Test worker] WARN  GUI - NO ICON FOR: group=options name=datahub.options
2017-05-15 17:07:39,370 [Test worker] WARN  GUI - NO ICON FOR: group=options name=Excel_Import_Configuration_GROUP_ID
2017-05-15 17:07:39,445 [Test worker] WARN  GUI - NO ICON FOR: group=options name=options.mdk
2017-05-15 17:07:39,482 [Test worker] WARN  GUI - NO ICON FOR: group=options name=options.automaton
2017-05-15 17:07:39,496 [Test worker] INFO  PLUGINS - found engine: JSR 223 JRuby Engine 1.7.26 language: ruby jruby 1.7.26 [rb]
2017-05-15 17:07:39,496 [Test worker] INFO  PLUGINS - found engine: BeanShell Engine 2.1.7 language: BeanShell 2.1.7 [bsh]
2017-05-15 17:07:39,497 [Test worker] INFO  PLUGINS - found engine: Oracle Nashorn 1.8.0_101 language: ECMAScript ECMA - 262 Edition 5.1 [js]
2017-05-15 17:07:39,497 [Test worker] INFO  PLUGINS - found engine: Modelica  language: Modelica  []
2017-05-15 17:07:39,499 [Test worker] INFO  PLUGINS - found engine: jython 2.5.3 language: python 2.5 [py]
2017-05-15 17:07:39,499 [Test worker] INFO  PLUGINS - found engine: Mathematica 17.0.5 language: Mathematica 17.0.5 []
2017-05-15 17:07:39,500 [Test worker] INFO  PLUGINS - found engine: Matlab 17.0.5 language: Matlab 17.0.5 []
2017-05-15 17:07:39,500 [Test worker] INFO  PLUGINS - found engine: JavaScript Rhino 1.6R7 language: JavaScript Rhino 1.6 [js]
2017-05-15 17:07:39,668 [Test worker] INFO  PLUGINS - found engine: Groovy Scripting Engine 2.0 language: Groovy 2.0.1 [groovy]
2017-05-15 17:07:39,668 [Test worker] INFO  PLUGINS - found engine: Built-in Math  language: Built-in Math  []
2017-05-15 17:07:39,668 [Test worker] INFO  PLUGINS - found engine: Maple  language: Maple  []
2017-05-15 17:07:40,059 [Test worker] INFO  GENERAL - PATH = /usr/bin:/bin:/usr/sbin:/sbin
2017-05-15 17:07:40,059 [Test worker] INFO  GENERAL - DYLD_LIBRARY_PATH = null
2017-05-15 17:07:40,060 [Test worker] INFO  GENERAL - com.nomagic.jmatengine.jni.NativeEngine load file = /Users/igomes/mdk/build/install/plugins/com.nomagic.magicdraw.simulation.matlab/lib/libjmatengine.jnilib
2017-05-15 17:07:40,167 [Test worker] WARN  GUI - NO ICON FOR: group=options name=options.mbr
2017-05-15 17:07:41,120 [Test worker] WARN  GUI - NO ICON FOR: group=options name=emf.uml2.v4.options.group.id
2017-05-15 17:07:41,134 [Test worker] WARN  GUI - NO ICON FOR: group=options name=emf.uml2.v5.options.group.id
2017-05-15 17:07:41,147 [Test worker] WARN  GUI - NO ICON FOR: group=options name=emf.uml2.v2.options.group.id
2017-05-15 17:07:41,158 [Test worker] WARN  GUI - NO ICON FOR: group=options name=emf.uml2.v3.options.group.id
2017-05-15 17:07:41,166 [Test worker] INFO  PLUGINS - PLUGINS STARTED.
2017-05-15 17:07:41,338 [Test worker] INFO  GENERAL - JLink.jar url resource file:/Applications/Mathematica.app/SystemFiles/Links/JLink/JLink.jar .
2017-05-15 17:07:41,339 [Test worker] INFO  GENERAL - ext_mathematica.jar url resource /Users/igomes/mdk/build/install/plugins/com.nomagic.magicdraw.simulation.mathematica/lib/ext_mathematica.jar .
Shell is running on port 50375
2017-05-15 17:07:43,659 [AWT-EventQueue-0] WARN  GENERAL - TRYING TO DISPLAY "Evaluation Startup Message" DIALOG IN SILENT MODE.
2017-05-15 17:07:43,665 [AWT-EventQueue-0] INFO  TWCLOUD - Local repository root directory: /Users/igomes/.magicdraw-test/18.5/restricted/autosave
2017-05-15 17:07:43,947 [Test worker] INFO  GENERAL - MagicDraw Enterprise started.
2017-05-15 17:07:43,947 [Test worker] INFO  GENERAL - Version: 18.5 SP1
2017-05-15 17:07:43,947 [Test worker] INFO  GENERAL - Build: 20170426_0638-490c6324
2017-05-15 17:07:43,947 [Test worker] INFO  GENERAL - Startup time: 20188ms
]]></system-out>
    <system-err><![CDATA[May 15, 2017 5:07:26 PM java.util.jar.Attributes read
WARNING: Duplicate name in Manifest: Created-By.
Ensure that the manifest does not have duplicate entries, and
that blank lines separate individual sections in both your
manifest and in the META-INF/MANIFEST.MF entry in the jar file.
log4j:WARN No appenders could be found for logger (com.nomagic.datahub.tools.magicdraw.CameoDataHubPlugin).
log4j:WARN Please initialize the log4j system properly.
log4j:WARN See http://logging.apache.org/log4j/1.2/faq.html#noconfig for more info.
log4j:WARN File option not set for appender [DHMAIN].
log4j:WARN Are you using FileAppender instead of ConsoleAppender?
]]></system-err>
</testsuite>
